[2026-04-30 11:46:52.648 +02:00 ERR] Failed executing DbCommand (8ms) [Parameters=[@__id_0='?' (DbType = Guid)], CommandType='"Text"', CommandTimeout='30']
SELECT [t].[Id], [t].[AdditionalInterventionRequired], [t].[Category], [t].[ClientAddress], [t].[ClientContact], [t].[ClientEmail], [t].[ClientID], [t].[ClientName], [t].[ClientPhone], [t].[ClientSignature], [t].[ClientSite], [t].[CodePostal], [t].[CreatedAt], [t].[Data], [t].[Duration], [t].[DureeMinutes], [t].[HeureDebut], [t].[HeureFin], [t].[InterventionDate], [t].[InterventionType], [t].[MaterialsUsed], [t].[Pays], [t].[Priority], [t].[ProjectName], [t].[ProjectNumber], [t].[ProjectPhase], [t].[ProjectStatus], [t].[ResolutionStatus], [t].[SiteID], [t].[Status], [t].[SubmittedAt], [t].[TechnicianId], [t].[TechnicianSignature], [t].[TicketNumber], [t].[UpdatedAt], [t].[Ville], [t].[WorkDescription], [c0].[Id], [c0].[CRIFormId], [c0].[Description], [c0].[FileSize], [c0].[MimeType], [c0].[OriginalFileName], [c0].[StoragePath], [c0].[UploadedAt]
FROM (
    SELECT TOP(1) [c].[Id], [c].[AdditionalInterventionRequired], [c].[Category], [c].[ClientAddress], [c].[ClientContact], [c].[ClientEmail], [c].[ClientID], [c].[ClientName], [c].[ClientPhone], [c].[ClientSignature], [c].[ClientSite], [c].[CodePostal], [c].[CreatedAt], [c].[Data], [c].[Duration], [c].[DureeMinutes], [c].[HeureDebut], [c].[HeureFin], [c].[InterventionDate], [c].[InterventionType], [c].[MaterialsUsed], [c].[Pays], [c].[Priority], [c].[ProjectName], [c].[ProjectNumber], [c].[ProjectPhase], [c].[ProjectStatus], [c].[ResolutionStatus], [c].[SiteID], [c].[Status], [c].[SubmittedAt], [c].[TechnicianId], [c].[TechnicianSignature], [c].[TicketNumber], [c].[UpdatedAt], [c].[Ville], [c].[WorkDescription]
    FROM [CRIForms] AS [c]
    WHERE [c].[Id] = @__id_0
) AS [t]
LEFT JOIN [CRIPhotos] AS [c0] ON [t].[Id] = [c0].[CRIFormId]
ORDER BY [t].[Id] {"EventId":{"Id":20102,"Name":"Microsoft.EntityFrameworkCore.Database.Command.CommandError"},"SourceContext":"Microsoft.EntityFrameworkCore.Database.Command","ActionId":"906e76d1-0a5a-460c-8b47-69b4950f9177","ActionName":"NovadisApi.Controllers.CRIController.GetCRI (NovadisApi)","RequestId":"0HNL6JKODBG4S:00000012","RequestPath":"/api/CRI/1dd63191-d349-49dc-a2e5-8e059e68682e","ConnectionId":"0HNL6JKODBG4S","Application":"NovadisApi","Environment":"Development"}
[2026-04-30 11:46:52.689 +02:00 ERR] An exception occurred while iterating over the results of a query for context type 'NovadisApi.Data.NovadisDbContext'.
Microsoft.Data.SqlClient.SqlException (0x80131904): Nom de colonne non valide : 'Description'.
Nom de colonne non valide : 'MimeType'.
Nom de colonne non valide : 'OriginalFileName'.
Nom de colonne non valide : 'StoragePath'.
Nom de colonne non valide : 'UploadedAt'.
   at Microsoft.Data.SqlClient.SqlCommand.<>c.<ExecuteDbDataReaderAsync>b__195_0(Task`1 result)
   at System.Threading.Tasks.ContinuationResultTaskFromResultTask`2.InnerInvoke()
   at System.Threading.ExecutionContext.RunInternal(ExecutionContext executionContext, ContextCallback callback, Object state)
--- End of stack trace from previous location ---
   at System.Threading.ExecutionContext.RunInternal(ExecutionContext executionContext, ContextCallback callback, Object state)
   at System.Threading.Tasks.Task.ExecuteWithThreadLocal(Task& currentTaskSlot, Thread threadPoolThread)
--- End of stack trace from previous location ---
   at Microsoft.EntityFrameworkCore.Storage.RelationalCommand.ExecuteReaderAsync(RelationalCommandParameterObject parameterObject, CancellationToken cancellationToken)
   at Microsoft.EntityFrameworkCore.Storage.RelationalCommand.ExecuteReaderAsync(RelationalCommandParameterObject parameterObject, CancellationToken cancellationToken)
   at Microsoft.EntityFrameworkCore.Query.Internal.SingleQueryingEnumerable`1.AsyncEnumerator.InitializeReaderAsync(AsyncEnumerator enumerator, CancellationToken cancellationToken)
   at Microsoft.EntityFrameworkCore.Storage.ExecutionStrategy.<>c__DisplayClass30_0`2.<<ExecuteAsync>b__0>d.MoveNext()
--- End of stack trace from previous location ---
   at Microsoft.EntityFrameworkCore.Storage.ExecutionStrategy.ExecuteImplementationAsync[TState,TResult](Func`4 operation, Func`4 verifySucceeded, TState state, CancellationToken cancellationToken)
   at Microsoft.EntityFrameworkCore.Storage.ExecutionStrategy.ExecuteImplementationAsync[TState,TResult](Func`4 operation, Func`4 verifySucceeded, TState state, CancellationToken cancellationToken)
   at Microsoft.EntityFrameworkCore.Storage.ExecutionStrategy.ExecuteAsync[TState,TResult](TState state, Func`4 operation, Func`4 verifySucceeded, CancellationToken cancellationToken)
   at Microsoft.EntityFrameworkCore.Query.Internal.SingleQueryingEnumerable`1.AsyncEnumerator.MoveNextAsync()
ClientConnectionId :e51ecf07-0dc3-4b46-94bb-91ba07488a07
Error Number :207,State :1,Class :16 {"EventId":{"Id":10100,"Name":"Microsoft.EntityFrameworkCore.Query.QueryIterationFailed"},"SourceContext":"Microsoft.EntityFrameworkCore.Query","ActionId":"906e76d1-0a5a-460c-8b47-69b4950f9177","ActionName":"NovadisApi.Controllers.CRIController.GetCRI (NovadisApi)","RequestId":"0HNL6JKODBG4S:00000012","RequestPath":"/api/CRI/1dd63191-d349-49dc-a2e5-8e059e68682e","ConnectionId":"0HNL6JKODBG4S","Application":"NovadisApi","Environment":"Development"}
Microsoft.Data.SqlClient.SqlException (0x80131904): Nom de colonne non valide : 'Description'.
Nom de colonne non valide : 'MimeType'.
Nom de colonne non valide : 'OriginalFileName'.
Nom de colonne non valide : 'StoragePath'.
Nom de colonne non valide : 'UploadedAt'.
   at Microsoft.Data.SqlClient.SqlCommand.<>c.<ExecuteDbDataReaderAsync>b__195_0(Task`1 result)
   at System.Threading.Tasks.ContinuationResultTaskFromResultTask`2.InnerInvoke()
   at System.Threading.ExecutionContext.RunInternal(ExecutionContext executionContext, ContextCallback callback, Object state)
--- End of stack trace from previous location ---
   at System.Threading.ExecutionContext.RunInternal(ExecutionContext executionContext, ContextCallback callback, Object state)
   at System.Threading.Tasks.Task.ExecuteWithThreadLocal(Task& currentTaskSlot, Thread threadPoolThread)
--- End of stack trace from previous location ---
   at Microsoft.EntityFrameworkCore.Storage.RelationalCommand.ExecuteReaderAsync(RelationalCommandParameterObject parameterObject, CancellationToken cancellationToken)
   at Microsoft.EntityFrameworkCore.Storage.RelationalCommand.ExecuteReaderAsync(RelationalCommandParameterObject parameterObject, CancellationToken cancellationToken)
   at Microsoft.EntityFrameworkCore.Query.Internal.SingleQueryingEnumerable`1.AsyncEnumerator.InitializeReaderAsync(AsyncEnumerator enumerator, CancellationToken cancellationToken)
   at Microsoft.EntityFrameworkCore.Storage.ExecutionStrategy.<>c__DisplayClass30_0`2.<<ExecuteAsync>b__0>d.MoveNext()
--- End of stack trace from previous location ---
   at Microsoft.EntityFrameworkCore.Storage.ExecutionStrategy.ExecuteImplementationAsync[TState,TResult](Func`4 operation, Func`4 verifySucceeded, TState state, CancellationToken cancellationToken)
   at Microsoft.EntityFrameworkCore.Storage.ExecutionStrategy.ExecuteImplementationAsync[TState,TResult](Func`4 operation, Func`4 verifySucceeded, TState state, CancellationToken cancellationToken)
   at Microsoft.EntityFrameworkCore.Storage.ExecutionStrategy.ExecuteAsync[TState,TResult](TState state, Func`4 operation, Func`4 verifySucceeded, CancellationToken cancellationToken)
   at Microsoft.EntityFrameworkCore.Query.Internal.SingleQueryingEnumerable`1.AsyncEnumerator.MoveNextAsync()
ClientConnectionId :e51ecf07-0dc3-4b46-94bb-91ba07488a07
Error Number :207,State :1,Class :16
[2026-04-30 11:46:52.705 +02:00 ERR] HTTP GET /api/CRI/1dd63191-d349-49dc-a2e5-8e059e68682e → 500 en 137ms {"UserId":"771fc89f-f94c-4e0c-9a2a-67ed55885002","SourceContext":"Serilog.AspNetCore.RequestLoggingMiddleware","RequestId":"0HNL6JKODBG4S:00000012","ConnectionId":"0HNL6JKODBG4S","Application":"NovadisApi","Environment":"Development"}
Microsoft.Data.SqlClient.SqlException (0x80131904): Nom de colonne non valide : 'Description'.
Nom de colonne non valide : 'MimeType'.
Nom de colonne non valide : 'OriginalFileName'.
Nom de colonne non valide : 'StoragePath'.
Nom de colonne non valide : 'UploadedAt'.
   at Microsoft.Data.SqlClient.SqlCommand.<>c.<ExecuteDbDataReaderAsync>b__195_0(Task`1 result)
   at System.Threading.Tasks.ContinuationResultTaskFromResultTask`2.InnerInvoke()
   at System.Threading.ExecutionContext.RunInternal(ExecutionContext executionContext, ContextCallback callback, Object state)
--- End of stack trace from previous location ---
   at System.Threading.ExecutionContext.RunInternal(ExecutionContext executionContext, ContextCallback callback, Object state)
   at System.Threading.Tasks.Task.ExecuteWithThreadLocal(Task& currentTaskSlot, Thread threadPoolThread)
--- End of stack trace from previous location ---
   at Microsoft.EntityFrameworkCore.Storage.RelationalCommand.ExecuteReaderAsync(RelationalCommandParameterObject parameterObject, CancellationToken cancellationToken)
   at Microsoft.EntityFrameworkCore.Storage.RelationalCommand.ExecuteReaderAsync(RelationalCommandParameterObject parameterObject, CancellationToken cancellationToken)
   at Microsoft.EntityFrameworkCore.Query.Internal.SingleQueryingEnumerable`1.AsyncEnumerator.InitializeReaderAsync(AsyncEnumerator enumerator, CancellationToken cancellationToken)
   at Microsoft.EntityFrameworkCore.Storage.ExecutionStrategy.<>c__DisplayClass30_0`2.<<ExecuteAsync>b__0>d.MoveNext()
--- End of stack trace from previous location ---
   at Microsoft.EntityFrameworkCore.Storage.ExecutionStrategy.ExecuteImplementationAsync[TState,TResult](Func`4 operation, Func`4 verifySucceeded, TState state, CancellationToken cancellationToken)
   at Microsoft.EntityFrameworkCore.Storage.ExecutionStrategy.ExecuteImplementationAsync[TState,TResult](Func`4 operation, Func`4 verifySucceeded, TState state, CancellationToken cancellationToken)
   at Microsoft.EntityFrameworkCore.Storage.ExecutionStrategy.ExecuteAsync[TState,TResult](TState state, Func`4 operation, Func`4 verifySucceeded, CancellationToken cancellationToken)
   at Microsoft.EntityFrameworkCore.Query.Internal.SingleQueryingEnumerable`1.AsyncEnumerator.MoveNextAsync()
   at Microsoft.EntityFrameworkCore.Query.ShapedQueryCompilingExpressionVisitor.SingleOrDefaultAsync[TSource](IAsyncEnumerable`1 asyncEnumerable, CancellationToken cancellationToken)
   at Microsoft.EntityFrameworkCore.Query.ShapedQueryCompilingExpressionVisitor.SingleOrDefaultAsync[TSource](IAsyncEnumerable`1 asyncEnumerable, CancellationToken cancellationToken)
   at NovadisApi.Controllers.CRIController.GetCRI(Guid id) in C:\Users\rdenimal\Documents\App_Novadis\CRI_Novadis\CRI_Novadis2.0\backend\src\NovadisApi\Controllers\CRIController.cs:line 97
   at lambda_method2501(Closure, Object)
   at Microsoft.AspNetCore.Mvc.Infrastructure.ActionMethodExecutor.AwaitableObjectResultExecutor.Execute(ActionContext actionContext, IActionResultTypeMapper mapper, ObjectMethodExecutor executor, Object controller, Object[] arguments)
   at Microsoft.AspNetCore.Mvc.Infrastructure.ControllerActionInvoker.<InvokeActionMethodAsync>g__Awaited|12_0(ControllerActionInvoker invoker, ValueTask`1 actionResultValueTask)
   at Microsoft.AspNetCore.Mvc.Infrastructure.ControllerActionInvoker.<InvokeNextActionFilterAsync>g__Awaited|10_0(ControllerActionInvoker invoker, Task lastTask, State next, Scope scope, Object state, Boolean isCompleted)
   at Microsoft.AspNetCore.Mvc.Infrastructure.ControllerActionInvoker.Rethrow(ActionExecutedContextSealed context)
   at Microsoft.AspNetCore.Mvc.Infrastructure.ControllerActionInvoker.Next(State& next, Scope& scope, Object& state, Boolean& isCompleted)
   at Microsoft.AspNetCore.Mvc.Infrastructure.ControllerActionInvoker.<InvokeInnerFilterAsync>g__Awaited|13_0(ControllerActionInvoker invoker, Task lastTask, State next, Scope scope, Object state, Boolean isCompleted)
   at Microsoft.AspNetCore.Mvc.Infrastructure.ResourceInvoker.<InvokeFilterPipelineAsync>g__Awaited|20_0(ResourceInvoker invoker, Task lastTask, State next, Scope scope, Object state, Boolean isCompleted)
   at Microsoft.AspNetCore.Mvc.Infrastructure.ResourceInvoker.<InvokeAsync>g__Awaited|17_0(ResourceInvoker invoker, Task task, IDisposable scope)
   at Microsoft.AspNetCore.Mvc.Infrastructure.ResourceInvoker.<InvokeAsync>g__Awaited|17_0(ResourceInvoker invoker, Task task, IDisposable scope)
   at Microsoft.AspNetCore.Authorization.AuthorizationMiddleware.Invoke(HttpContext context)
   at Microsoft.AspNetCore.Authentication.AuthenticationMiddleware.Invoke(HttpContext context)
   at Microsoft.AspNetCore.RateLimiting.RateLimitingMiddleware.InvokeInternal(HttpContext context, EnableRateLimitingAttribute enableRateLimitingAttribute)
   at Swashbuckle.AspNetCore.SwaggerUI.SwaggerUIMiddleware.Invoke(HttpContext httpContext)
   at Swashbuckle.AspNetCore.Swagger.SwaggerMiddleware.Invoke(HttpContext httpContext, ISwaggerProvider swaggerProvider)
   at Serilog.AspNetCore.RequestLoggingMiddleware.Invoke(HttpContext httpContext)
ClientConnectionId :e51ecf07-0dc3-4b46-94bb-91ba07488a07
Error Number :207,State :1,Class :16
[2026-04-30 11:46:52.742 +02:00 ERR] Unhandled exception on GET /api/CRI/1dd63191-d349-49dc-a2e5-8e059e68682e (TraceId=0HNL6JKODBG4S:00000012) {"SourceContext":"NovadisApi.Middleware.GlobalExceptionHandler","RequestId":"0HNL6JKODBG4S:00000012","RequestPath":"/api/CRI/1dd63191-d349-49dc-a2e5-8e059e68682e","ConnectionId":"0HNL6JKODBG4S","Application":"NovadisApi","Environment":"Development"}
Microsoft.Data.SqlClient.SqlException (0x80131904): Nom de colonne non valide : 'Description'.
Nom de colonne non valide : 'MimeType'.
Nom de colonne non valide : 'OriginalFileName'.
Nom de colonne non valide : 'StoragePath'.
Nom de colonne non valide : 'UploadedAt'.
   at Microsoft.Data.SqlClient.SqlCommand.<>c.<ExecuteDbDataReaderAsync>b__195_0(Task`1 result)
   at System.Threading.Tasks.ContinuationResultTaskFromResultTask`2.InnerInvoke()
   at System.Threading.ExecutionContext.RunInternal(ExecutionContext executionContext, ContextCallback callback, Object state)
--- End of stack trace from previous location ---
   at System.Threading.ExecutionContext.RunInternal(ExecutionContext executionContext, ContextCallback callback, Object state)
   at System.Threading.Tasks.Task.ExecuteWithThreadLocal(Task& currentTaskSlot, Thread threadPoolThread)
--- End of stack trace from previous location ---
   at Microsoft.EntityFrameworkCore.Storage.RelationalCommand.ExecuteReaderAsync(RelationalCommandParameterObject parameterObject, CancellationToken cancellationToken)
   at Microsoft.EntityFrameworkCore.Storage.RelationalCommand.ExecuteReaderAsync(RelationalCommandParameterObject parameterObject, CancellationToken cancellationToken)
   at Microsoft.EntityFrameworkCore.Query.Internal.SingleQueryingEnumerable`1.AsyncEnumerator.InitializeReaderAsync(AsyncEnumerator enumerator, CancellationToken cancellationToken)
   at Microsoft.EntityFrameworkCore.Storage.ExecutionStrategy.<>c__DisplayClass30_0`2.<<ExecuteAsync>b__0>d.MoveNext()
--- End of stack trace from previous location ---
   at Microsoft.EntityFrameworkCore.Storage.ExecutionStrategy.ExecuteImplementationAsync[TState,TResult](Func`4 operation, Func`4 verifySucceeded, TState state, CancellationToken cancellationToken)
   at Microsoft.EntityFrameworkCore.Storage.ExecutionStrategy.ExecuteImplementationAsync[TState,TResult](Func`4 operation, Func`4 verifySucceeded, TState state, CancellationToken cancellationToken)
   at Microsoft.EntityFrameworkCore.Storage.ExecutionStrategy.ExecuteAsync[TState,TResult](TState state, Func`4 operation, Func`4 verifySucceeded, CancellationToken cancellationToken)
   at Microsoft.EntityFrameworkCore.Query.Internal.SingleQueryingEnumerable`1.AsyncEnumerator.MoveNextAsync()
   at Microsoft.EntityFrameworkCore.Query.ShapedQueryCompilingExpressionVisitor.SingleOrDefaultAsync[TSource](IAsyncEnumerable`1 asyncEnumerable, CancellationToken cancellationToken)
   at Microsoft.EntityFrameworkCore.Query.ShapedQueryCompilingExpressionVisitor.SingleOrDefaultAsync[TSource](IAsyncEnumerable`1 asyncEnumerable, CancellationToken cancellationToken)
   at NovadisApi.Controllers.CRIController.GetCRI(Guid id) in C:\Users\rdenimal\Documents\App_Novadis\CRI_Novadis\CRI_Novadis2.0\backend\src\NovadisApi\Controllers\CRIController.cs:line 97
   at lambda_method2501(Closure, Object)
   at Microsoft.AspNetCore.Mvc.Infrastructure.ActionMethodExecutor.AwaitableObjectResultExecutor.Execute(ActionContext actionContext, IActionResultTypeMapper mapper, ObjectMethodExecutor executor, Object controller, Object[] arguments)
   at Microsoft.AspNetCore.Mvc.Infrastructure.ControllerActionInvoker.<InvokeActionMethodAsync>g__Awaited|12_0(ControllerActionInvoker invoker, ValueTask`1 actionResultValueTask)
   at Microsoft.AspNetCore.Mvc.Infrastructure.ControllerActionInvoker.<InvokeNextActionFilterAsync>g__Awaited|10_0(ControllerActionInvoker invoker, Task lastTask, State next, Scope scope, Object state, Boolean isCompleted)
   at Microsoft.AspNetCore.Mvc.Infrastructure.ControllerActionInvoker.Rethrow(ActionExecutedContextSealed context)
   at Microsoft.AspNetCore.Mvc.Infrastructure.ControllerActionInvoker.Next(State& next, Scope& scope, Object& state, Boolean& isCompleted)
   at Microsoft.AspNetCore.Mvc.Infrastructure.ControllerActionInvoker.<InvokeInnerFilterAsync>g__Awaited|13_0(ControllerActionInvoker invoker, Task lastTask, State next, Scope scope, Object state, Boolean isCompleted)
   at Microsoft.AspNetCore.Mvc.Infrastructure.ResourceInvoker.<InvokeFilterPipelineAsync>g__Awaited|20_0(ResourceInvoker invoker, Task lastTask, State next, Scope scope, Object state, Boolean isCompleted)
   at Microsoft.AspNetCore.Mvc.Infrastructure.ResourceInvoker.<InvokeAsync>g__Awaited|17_0(ResourceInvoker invoker, Task task, IDisposable scope)
   at Microsoft.AspNetCore.Mvc.Infrastructure.ResourceInvoker.<InvokeAsync>g__Awaited|17_0(ResourceInvoker invoker, Task task, IDisposable scope)
   at Microsoft.AspNetCore.Authorization.AuthorizationMiddleware.Invoke(HttpContext context)
   at Microsoft.AspNetCore.Authentication.AuthenticationMiddleware.Invoke(HttpContext context)
   at Microsoft.AspNetCore.RateLimiting.RateLimitingMiddleware.InvokeInternal(HttpContext context, EnableRateLimitingAttribute enableRateLimitingAttribute)
   at Swashbuckle.AspNetCore.SwaggerUI.SwaggerUIMiddleware.Invoke(HttpContext httpContext)
   at Swashbuckle.AspNetCore.Swagger.SwaggerMiddleware.Invoke(HttpContext httpContext, ISwaggerProvider swaggerProvider)
   at Serilog.AspNetCore.RequestLoggingMiddleware.Invoke(HttpContext httpContext)
   at Program.<>c__DisplayClass0_0.<<<Main>$>b__9>d.MoveNext() in C:\Users\rdenimal\Documents\App_Novadis\CRI_Novadis\CRI_Novadis2.0\backend\src\NovadisApi\Program.cs:line 321
--- End of stack trace from previous location ---
   at Microsoft.AspNetCore.Diagnostics.ExceptionHandlerMiddlewareImpl.<Invoke>g__Awaited|10_0(ExceptionHandlerMiddlewareImpl middleware, HttpContext context, Task task)
ClientConnectionId :e51ecf07-0dc3-4b46-94bb-91ba07488a07
Error Number :207,State :1,Class :16
[2026-04-30 11:46:55.384 +02:00 ERR] Failed executing DbCommand (5ms) [Parameters=[@__id_0='?' (DbType = Guid)], CommandType='"Text"', CommandTimeout='30']
SELECT [t].[Id], [t].[AdditionalInterventionRequired], [t].[Category], [t].[ClientAddress], [t].[ClientContact], [t].[ClientEmail], [t].[ClientID], [t].[ClientName], [t].[ClientPhone], [t].[ClientSignature], [t].[ClientSite], [t].[CodePostal], [t].[CreatedAt], [t].[Data], [t].[Duration], [t].[DureeMinutes], [t].[HeureDebut], [t].[HeureFin], [t].[InterventionDate], [t].[InterventionType], [t].[MaterialsUsed], [t].[Pays], [t].[Priority], [t].[ProjectName], [t].[ProjectNumber], [t].[ProjectPhase], [t].[ProjectStatus], [t].[ResolutionStatus], [t].[SiteID], [t].[Status], [t].[SubmittedAt], [t].[TechnicianId], [t].[TechnicianSignature], [t].[TicketNumber], [t].[UpdatedAt], [t].[Ville], [t].[WorkDescription], [c0].[Id], [c0].[CRIFormId], [c0].[Description], [c0].[FileSize], [c0].[MimeType], [c0].[OriginalFileName], [c0].[StoragePath], [c0].[UploadedAt]
FROM (
    SELECT TOP(1) [c].[Id], [c].[AdditionalInterventionRequired], [c].[Category], [c].[ClientAddress], [c].[ClientContact], [c].[ClientEmail], [c].[ClientID], [c].[ClientName], [c].[ClientPhone], [c].[ClientSignature], [c].[ClientSite], [c].[CodePostal], [c].[CreatedAt], [c].[Data], [c].[Duration], [c].[DureeMinutes], [c].[HeureDebut], [c].[HeureFin], [c].[InterventionDate], [c].[InterventionType], [c].[MaterialsUsed], [c].[Pays], [c].[Priority], [c].[ProjectName], [c].[ProjectNumber], [c].[ProjectPhase], [c].[ProjectStatus], [c].[ResolutionStatus], [c].[SiteID], [c].[Status], [c].[SubmittedAt], [c].[TechnicianId], [c].[TechnicianSignature], [c].[TicketNumber], [c].[UpdatedAt], [c].[Ville], [c].[WorkDescription]
    FROM [CRIForms] AS [c]
    WHERE [c].[Id] = @__id_0
) AS [t]
LEFT JOIN [CRIPhotos] AS [c0] ON [t].[Id] = [c0].[CRIFormId]
ORDER BY [t].[Id] {"EventId":{"Id":20102,"Name":"Microsoft.EntityFrameworkCore.Database.Command.CommandError"},"SourceContext":"Microsoft.EntityFrameworkCore.Database.Command","ActionId":"906e76d1-0a5a-460c-8b47-69b4950f9177","ActionName":"NovadisApi.Controllers.CRIController.GetCRI (NovadisApi)","RequestId":"0HNL6JKODBG4R:00000017","RequestPath":"/api/CRI/1dd63191-d349-49dc-a2e5-8e059e68682e","ConnectionId":"0HNL6JKODBG4R","Application":"NovadisApi","Environment":"Development"}
[2026-04-30 11:46:55.398 +02:00 ERR] An exception occurred while iterating over the results of a query for context type 'NovadisApi.Data.NovadisDbContext'.
Microsoft.Data.SqlClient.SqlException (0x80131904): Nom de colonne non valide : 'Description'.
Nom de colonne non valide : 'MimeType'.
Nom de colonne non valide : 'OriginalFileName'.
Nom de colonne non valide : 'StoragePath'.
Nom de colonne non valide : 'UploadedAt'.
   at Microsoft.Data.SqlClient.SqlCommand.<>c.<ExecuteDbDataReaderAsync>b__195_0(Task`1 result)
   at System.Threading.Tasks.ContinuationResultTaskFromResultTask`2.InnerInvoke()
   at System.Threading.ExecutionContext.RunInternal(ExecutionContext executionContext, ContextCallback callback, Object state)
--- End of stack trace from previous location ---
   at System.Threading.ExecutionContext.RunInternal(ExecutionContext executionContext, ContextCallback callback, Object state)
   at System.Threading.Tasks.Task.ExecuteWithThreadLocal(Task& currentTaskSlot, Thread threadPoolThread)
--- End of stack trace from previous location ---
   at Microsoft.EntityFrameworkCore.Storage.RelationalCommand.ExecuteReaderAsync(RelationalCommandParameterObject parameterObject, CancellationToken cancellationToken)
   at Microsoft.EntityFrameworkCore.Storage.RelationalCommand.ExecuteReaderAsync(RelationalCommandParameterObject parameterObject, CancellationToken cancellationToken)
   at Microsoft.EntityFrameworkCore.Query.Internal.SingleQueryingEnumerable`1.AsyncEnumerator.InitializeReaderAsync(AsyncEnumerator enumerator, CancellationToken cancellationToken)
   at Microsoft.EntityFrameworkCore.Storage.ExecutionStrategy.<>c__DisplayClass30_0`2.<<ExecuteAsync>b__0>d.MoveNext()
--- End of stack trace from previous location ---
   at Microsoft.EntityFrameworkCore.Storage.ExecutionStrategy.ExecuteImplementationAsync[TState,TResult](Func`4 operation, Func`4 verifySucceeded, TState state, CancellationToken cancellationToken)
   at Microsoft.EntityFrameworkCore.Storage.ExecutionStrategy.ExecuteImplementationAsync[TState,TResult](Func`4 operation, Func`4 verifySucceeded, TState state, CancellationToken cancellationToken)
   at Microsoft.EntityFrameworkCore.Storage.ExecutionStrategy.ExecuteAsync[TState,TResult](TState state, Func`4 operation, Func`4 verifySucceeded, CancellationToken cancellationToken)
   at Microsoft.EntityFrameworkCore.Query.Internal.SingleQueryingEnumerable`1.AsyncEnumerator.MoveNextAsync()
ClientConnectionId :e51ecf07-0dc3-4b46-94bb-91ba07488a07
Error Number :207,State :1,Class :16 {"EventId":{"Id":10100,"Name":"Microsoft.EntityFrameworkCore.Query.QueryIterationFailed"},"SourceContext":"Microsoft.EntityFrameworkCore.Query","ActionId":"906e76d1-0a5a-460c-8b47-69b4950f9177","ActionName":"NovadisApi.Controllers.CRIController.GetCRI (NovadisApi)","RequestId":"0HNL6JKODBG4R:00000017","RequestPath":"/api/CRI/1dd63191-d349-49dc-a2e5-8e059e68682e","ConnectionId":"0HNL6JKODBG4R","Application":"NovadisApi","Environment":"Development"}
Microsoft.Data.SqlClient.SqlException (0x80131904): Nom de colonne non valide : 'Description'.
Nom de colonne non valide : 'MimeType'.
Nom de colonne non valide : 'OriginalFileName'.
Nom de colonne non valide : 'StoragePath'.
Nom de colonne non valide : 'UploadedAt'.
   at Microsoft.Data.SqlClient.SqlCommand.<>c.<ExecuteDbDataReaderAsync>b__195_0(Task`1 result)
   at System.Threading.Tasks.ContinuationResultTaskFromResultTask`2.InnerInvoke()
   at System.Threading.ExecutionContext.RunInternal(ExecutionContext executionContext, ContextCallback callback, Object state)
--- End of stack trace from previous location ---
   at System.Threading.ExecutionContext.RunInternal(ExecutionContext executionContext, ContextCallback callback, Object state)
   at System.Threading.Tasks.Task.ExecuteWithThreadLocal(Task& currentTaskSlot, Thread threadPoolThread)
--- End of stack trace from previous location ---
   at Microsoft.EntityFrameworkCore.Storage.RelationalCommand.ExecuteReaderAsync(RelationalCommandParameterObject parameterObject, CancellationToken cancellationToken)
   at Microsoft.EntityFrameworkCore.Storage.RelationalCommand.ExecuteReaderAsync(RelationalCommandParameterObject parameterObject, CancellationToken cancellationToken)
   at Microsoft.EntityFrameworkCore.Query.Internal.SingleQueryingEnumerable`1.AsyncEnumerator.InitializeReaderAsync(AsyncEnumerator enumerator, CancellationToken cancellationToken)
   at Microsoft.EntityFrameworkCore.Storage.ExecutionStrategy.<>c__DisplayClass30_0`2.<<ExecuteAsync>b__0>d.MoveNext()
--- End of stack trace from previous location ---
   at Microsoft.EntityFrameworkCore.Storage.ExecutionStrategy.ExecuteImplementationAsync[TState,TResult](Func`4 operation, Func`4 verifySucceeded, TState state, CancellationToken cancellationToken)
   at Microsoft.EntityFrameworkCore.Storage.ExecutionStrategy.ExecuteImplementationAsync[TState,TResult](Func`4 operation, Func`4 verifySucceeded, TState state, CancellationToken cancellationToken)
   at Microsoft.EntityFrameworkCore.Storage.ExecutionStrategy.ExecuteAsync[TState,TResult](TState state, Func`4 operation, Func`4 verifySucceeded, CancellationToken cancellationToken)
   at Microsoft.EntityFrameworkCore.Query.Internal.SingleQueryingEnumerable`1.AsyncEnumerator.MoveNextAsync()
ClientConnectionId :e51ecf07-0dc3-4b46-94bb-91ba07488a07
Error Number :207,State :1,Class :16
[2026-04-30 11:46:55.420 +02:00 ERR] HTTP GET /api/CRI/1dd63191-d349-49dc-a2e5-8e059e68682e → 500 en 45ms {"UserId":"771fc89f-f94c-4e0c-9a2a-67ed55885002","SourceContext":"Serilog.AspNetCore.RequestLoggingMiddleware","RequestId":"0HNL6JKODBG4R:00000017","ConnectionId":"0HNL6JKODBG4R","Application":"NovadisApi","Environment":"Development"}
Microsoft.Data.SqlClient.SqlException (0x80131904): Nom de colonne non valide : 'Description'.
Nom de colonne non valide : 'MimeType'.
Nom de colonne non valide : 'OriginalFileName'.
Nom de colonne non valide : 'StoragePath'.
Nom de colonne non valide : 'UploadedAt'.
   at Microsoft.Data.SqlClient.SqlCommand.<>c.<ExecuteDbDataReaderAsync>b__195_0(Task`1 result)
   at System.Threading.Tasks.ContinuationResultTaskFromResultTask`2.InnerInvoke()
   at System.Threading.ExecutionContext.RunInternal(ExecutionContext executionContext, ContextCallback callback, Object state)
--- End of stack trace from previous location ---
   at System.Threading.ExecutionContext.RunInternal(ExecutionContext executionContext, ContextCallback callback, Object state)
   at System.Threading.Tasks.Task.ExecuteWithThreadLocal(Task& currentTaskSlot, Thread threadPoolThread)
--- End of stack trace from previous location ---
   at Microsoft.EntityFrameworkCore.Storage.RelationalCommand.ExecuteReaderAsync(RelationalCommandParameterObject parameterObject, CancellationToken cancellationToken)
   at Microsoft.EntityFrameworkCore.Storage.RelationalCommand.ExecuteReaderAsync(RelationalCommandParameterObject parameterObject, CancellationToken cancellationToken)
   at Microsoft.EntityFrameworkCore.Query.Internal.SingleQueryingEnumerable`1.AsyncEnumerator.InitializeReaderAsync(AsyncEnumerator enumerator, CancellationToken cancellationToken)
   at Microsoft.EntityFrameworkCore.Storage.ExecutionStrategy.<>c__DisplayClass30_0`2.<<ExecuteAsync>b__0>d.MoveNext()
--- End of stack trace from previous location ---
   at Microsoft.EntityFrameworkCore.Storage.ExecutionStrategy.ExecuteImplementationAsync[TState,TResult](Func`4 operation, Func`4 verifySucceeded, TState state, CancellationToken cancellationToken)
   at Microsoft.EntityFrameworkCore.Storage.ExecutionStrategy.ExecuteImplementationAsync[TState,TResult](Func`4 operation, Func`4 verifySucceeded, TState state, CancellationToken cancellationToken)
   at Microsoft.EntityFrameworkCore.Storage.ExecutionStrategy.ExecuteAsync[TState,TResult](TState state, Func`4 operation, Func`4 verifySucceeded, CancellationToken cancellationToken)
   at Microsoft.EntityFrameworkCore.Query.Internal.SingleQueryingEnumerable`1.AsyncEnumerator.MoveNextAsync()
   at Microsoft.EntityFrameworkCore.Query.ShapedQueryCompilingExpressionVisitor.SingleOrDefaultAsync[TSource](IAsyncEnumerable`1 asyncEnumerable, CancellationToken cancellationToken)
   at Microsoft.EntityFrameworkCore.Query.ShapedQueryCompilingExpressionVisitor.SingleOrDefaultAsync[TSource](IAsyncEnumerable`1 asyncEnumerable, CancellationToken cancellationToken)
   at NovadisApi.Controllers.CRIController.GetCRI(Guid id) in C:\Users\rdenimal\Documents\App_Novadis\CRI_Novadis\CRI_Novadis2.0\backend\src\NovadisApi\Controllers\CRIController.cs:line 97
   at lambda_method2501(Closure, Object)
   at Microsoft.AspNetCore.Mvc.Infrastructure.ActionMethodExecutor.AwaitableObjectResultExecutor.Execute(ActionContext actionContext, IActionResultTypeMapper mapper, ObjectMethodExecutor executor, Object controller, Object[] arguments)
   at Microsoft.AspNetCore.Mvc.Infrastructure.ControllerActionInvoker.<InvokeActionMethodAsync>g__Awaited|12_0(ControllerActionInvoker invoker, ValueTask`1 actionResultValueTask)
   at Microsoft.AspNetCore.Mvc.Infrastructure.ControllerActionInvoker.<InvokeNextActionFilterAsync>g__Awaited|10_0(ControllerActionInvoker invoker, Task lastTask, State next, Scope scope, Object state, Boolean isCompleted)
   at Microsoft.AspNetCore.Mvc.Infrastructure.ControllerActionInvoker.Rethrow(ActionExecutedContextSealed context)
   at Microsoft.AspNetCore.Mvc.Infrastructure.ControllerActionInvoker.Next(State& next, Scope& scope, Object& state, Boolean& isCompleted)
   at Microsoft.AspNetCore.Mvc.Infrastructure.ControllerActionInvoker.<InvokeInnerFilterAsync>g__Awaited|13_0(ControllerActionInvoker invoker, Task lastTask, State next, Scope scope, Object state, Boolean isCompleted)
   at Microsoft.AspNetCore.Mvc.Infrastructure.ResourceInvoker.<InvokeFilterPipelineAsync>g__Awaited|20_0(ResourceInvoker invoker, Task lastTask, State next, Scope scope, Object state, Boolean isCompleted)
   at Microsoft.AspNetCore.Mvc.Infrastructure.ResourceInvoker.<InvokeAsync>g__Awaited|17_0(ResourceInvoker invoker, Task task, IDisposable scope)
   at Microsoft.AspNetCore.Mvc.Infrastructure.ResourceInvoker.<InvokeAsync>g__Awaited|17_0(ResourceInvoker invoker, Task task, IDisposable scope)
   at Microsoft.AspNetCore.Authorization.AuthorizationMiddleware.Invoke(HttpContext context)
   at Microsoft.AspNetCore.Authentication.AuthenticationMiddleware.Invoke(HttpContext context)
   at Microsoft.AspNetCore.RateLimiting.RateLimitingMiddleware.InvokeInternal(HttpContext context, EnableRateLimitingAttribute enableRateLimitingAttribute)
   at Swashbuckle.AspNetCore.SwaggerUI.SwaggerUIMiddleware.Invoke(HttpContext httpContext)
   at Swashbuckle.AspNetCore.Swagger.SwaggerMiddleware.Invoke(HttpContext httpContext, ISwaggerProvider swaggerProvider)
   at Serilog.AspNetCore.RequestLoggingMiddleware.Invoke(HttpContext httpContext)
ClientConnectionId :e51ecf07-0dc3-4b46-94bb-91ba07488a07
Error Number :207,State :1,Class :16
[2026-04-30 11:46:55.450 +02:00 ERR] Unhandled exception on GET /api/CRI/1dd63191-d349-49dc-a2e5-8e059e68682e (TraceId=0HNL6JKODBG4R:00000017) {"SourceContext":"NovadisApi.Middleware.GlobalExceptionHandler","RequestId":"0HNL6JKODBG4R:00000017","RequestPath":"/api/CRI/1dd63191-d349-49dc-a2e5-8e059e68682e","ConnectionId":"0HNL6JKODBG4R","Application":"NovadisApi","Environment":"Development"}
Microsoft.Data.SqlClient.SqlException (0x80131904): Nom de colonne non valide : 'Description'.
Nom de colonne non valide : 'MimeType'.
Nom de colonne non valide : 'OriginalFileName'.
Nom de colonne non valide : 'StoragePath'.
Nom de colonne non valide : 'UploadedAt'.
   at Microsoft.Data.SqlClient.SqlCommand.<>c.<ExecuteDbDataReaderAsync>b__195_0(Task`1 result)
   at System.Threading.Tasks.ContinuationResultTaskFromResultTask`2.InnerInvoke()
   at System.Threading.ExecutionContext.RunInternal(ExecutionContext executionContext, ContextCallback callback, Object state)
--- End of stack trace from previous location ---
   at System.Threading.ExecutionContext.RunInternal(ExecutionContext executionContext, ContextCallback callback, Object state)
   at System.Threading.Tasks.Task.ExecuteWithThreadLocal(Task& currentTaskSlot, Thread threadPoolThread)
--- End of stack trace from previous location ---
   at Microsoft.EntityFrameworkCore.Storage.RelationalCommand.ExecuteReaderAsync(RelationalCommandParameterObject parameterObject, CancellationToken cancellationToken)
   at Microsoft.EntityFrameworkCore.Storage.RelationalCommand.ExecuteReaderAsync(RelationalCommandParameterObject parameterObject, CancellationToken cancellationToken)
   at Microsoft.EntityFrameworkCore.Query.Internal.SingleQueryingEnumerable`1.AsyncEnumerator.InitializeReaderAsync(AsyncEnumerator enumerator, CancellationToken cancellationToken)
   at Microsoft.EntityFrameworkCore.Storage.ExecutionStrategy.<>c__DisplayClass30_0`2.<<ExecuteAsync>b__0>d.MoveNext()
--- End of stack trace from previous location ---
   at Microsoft.EntityFrameworkCore.Storage.ExecutionStrategy.ExecuteImplementationAsync[TState,TResult](Func`4 operation, Func`4 verifySucceeded, TState state, CancellationToken cancellationToken)
   at Microsoft.EntityFrameworkCore.Storage.ExecutionStrategy.ExecuteImplementationAsync[TState,TResult](Func`4 operation, Func`4 verifySucceeded, TState state, CancellationToken cancellationToken)
   at Microsoft.EntityFrameworkCore.Storage.ExecutionStrategy.ExecuteAsync[TState,TResult](TState state, Func`4 operation, Func`4 verifySucceeded, CancellationToken cancellationToken)
   at Microsoft.EntityFrameworkCore.Query.Internal.SingleQueryingEnumerable`1.AsyncEnumerator.MoveNextAsync()
   at Microsoft.EntityFrameworkCore.Query.ShapedQueryCompilingExpressionVisitor.SingleOrDefaultAsync[TSource](IAsyncEnumerable`1 asyncEnumerable, CancellationToken cancellationToken)
   at Microsoft.EntityFrameworkCore.Query.ShapedQueryCompilingExpressionVisitor.SingleOrDefaultAsync[TSource](IAsyncEnumerable`1 asyncEnumerable, CancellationToken cancellationToken)
   at NovadisApi.Controllers.CRIController.GetCRI(Guid id) in C:\Users\rdenimal\Documents\App_Novadis\CRI_Novadis\CRI_Novadis2.0\backend\src\NovadisApi\Controllers\CRIController.cs:line 97
   at lambda_method2501(Closure, Object)
   at Microsoft.AspNetCore.Mvc.Infrastructure.ActionMethodExecutor.AwaitableObjectResultExecutor.Execute(ActionContext actionContext, IActionResultTypeMapper mapper, ObjectMethodExecutor executor, Object controller, Object[] arguments)
   at Microsoft.AspNetCore.Mvc.Infrastructure.ControllerActionInvoker.<InvokeActionMethodAsync>g__Awaited|12_0(ControllerActionInvoker invoker, ValueTask`1 actionResultValueTask)
   at Microsoft.AspNetCore.Mvc.Infrastructure.ControllerActionInvoker.<InvokeNextActionFilterAsync>g__Awaited|10_0(ControllerActionInvoker invoker, Task lastTask, State next, Scope scope, Object state, Boolean isCompleted)
   at Microsoft.AspNetCore.Mvc.Infrastructure.ControllerActionInvoker.Rethrow(ActionExecutedContextSealed context)
   at Microsoft.AspNetCore.Mvc.Infrastructure.ControllerActionInvoker.Next(State& next, Scope& scope, Object& state, Boolean& isCompleted)
   at Microsoft.AspNetCore.Mvc.Infrastructure.ControllerActionInvoker.<InvokeInnerFilterAsync>g__Awaited|13_0(ControllerActionInvoker invoker, Task lastTask, State next, Scope scope, Object state, Boolean isCompleted)
   at Microsoft.AspNetCore.Mvc.Infrastructure.ResourceInvoker.<InvokeFilterPipelineAsync>g__Awaited|20_0(ResourceInvoker invoker, Task lastTask, State next, Scope scope, Object state, Boolean isCompleted)
   at Microsoft.AspNetCore.Mvc.Infrastructure.ResourceInvoker.<InvokeAsync>g__Awaited|17_0(ResourceInvoker invoker, Task task, IDisposable scope)
   at Microsoft.AspNetCore.Mvc.Infrastructure.ResourceInvoker.<InvokeAsync>g__Awaited|17_0(ResourceInvoker invoker, Task task, IDisposable scope)
   at Microsoft.AspNetCore.Authorization.AuthorizationMiddleware.Invoke(HttpContext context)
   at Microsoft.AspNetCore.Authentication.AuthenticationMiddleware.Invoke(HttpContext context)
   at Microsoft.AspNetCore.RateLimiting.RateLimitingMiddleware.InvokeInternal(HttpContext context, EnableRateLimitingAttribute enableRateLimitingAttribute)
   at Swashbuckle.AspNetCore.SwaggerUI.SwaggerUIMiddleware.Invoke(HttpContext httpContext)
   at Swashbuckle.AspNetCore.Swagger.SwaggerMiddleware.Invoke(HttpContext httpContext, ISwaggerProvider swaggerProvider)
   at Serilog.AspNetCore.RequestLoggingMiddleware.Invoke(HttpContext httpContext)
   at Program.<>c__DisplayClass0_0.<<<Main>$>b__9>d.MoveNext() in C:\Users\rdenimal\Documents\App_Novadis\CRI_Novadis\CRI_Novadis2.0\backend\src\NovadisApi\Program.cs:line 321
--- End of stack trace from previous location ---
   at Microsoft.AspNetCore.Diagnostics.ExceptionHandlerMiddlewareImpl.<Invoke>g__Awaited|10_0(ExceptionHandlerMiddlewareImpl middleware, HttpContext context, Task task)
ClientConnectionId :e51ecf07-0dc3-4b46-94bb-91ba07488a07
Error Number :207,State :1,Class :16
[2026-04-30 11:49:32.910 +02:00 ERR] Failed executing DbCommand (7ms) [Parameters=[@__id_0='?' (DbType = Guid)], CommandType='"Text"', CommandTimeout='30']
SELECT [t].[Id], [t].[AdditionalInterventionRequired], [t].[Category], [t].[ClientAddress], [t].[ClientContact], [t].[ClientEmail], [t].[ClientID], [t].[ClientName], [t].[ClientPhone], [t].[ClientSignature], [t].[ClientSite], [t].[CodePostal], [t].[CreatedAt], [t].[Data], [t].[Duration], [t].[DureeMinutes], [t].[HeureDebut], [t].[HeureFin], [t].[InterventionDate], [t].[InterventionType], [t].[MaterialsUsed], [t].[Pays], [t].[Priority], [t].[ProjectName], [t].[ProjectNumber], [t].[ProjectPhase], [t].[ProjectStatus], [t].[ResolutionStatus], [t].[SiteID], [t].[Status], [t].[SubmittedAt], [t].[TechnicianId], [t].[TechnicianSignature], [t].[TicketNumber], [t].[UpdatedAt], [t].[Ville], [t].[WorkDescription], [c0].[Id], [c0].[CRIFormId], [c0].[Description], [c0].[FileSize], [c0].[MimeType], [c0].[OriginalFileName], [c0].[StoragePath], [c0].[UploadedAt]
FROM (
    SELECT TOP(1) [c].[Id], [c].[AdditionalInterventionRequired], [c].[Category], [c].[ClientAddress], [c].[ClientContact], [c].[ClientEmail], [c].[ClientID], [c].[ClientName], [c].[ClientPhone], [c].[ClientSignature], [c].[ClientSite], [c].[CodePostal], [c].[CreatedAt], [c].[Data], [c].[Duration], [c].[DureeMinutes], [c].[HeureDebut], [c].[HeureFin], [c].[InterventionDate], [c].[InterventionType], [c].[MaterialsUsed], [c].[Pays], [c].[Priority], [c].[ProjectName], [c].[ProjectNumber], [c].[ProjectPhase], [c].[ProjectStatus], [c].[ResolutionStatus], [c].[SiteID], [c].[Status], [c].[SubmittedAt], [c].[TechnicianId], [c].[TechnicianSignature], [c].[TicketNumber], [c].[UpdatedAt], [c].[Ville], [c].[WorkDescription]
    FROM [CRIForms] AS [c]
    WHERE [c].[Id] = @__id_0
) AS [t]
LEFT JOIN [CRIPhotos] AS [c0] ON [t].[Id] = [c0].[CRIFormId]
ORDER BY [t].[Id] {"EventId":{"Id":20102,"Name":"Microsoft.EntityFrameworkCore.Database.Command.CommandError"},"SourceContext":"Microsoft.EntityFrameworkCore.Database.Command","ActionId":"906e76d1-0a5a-460c-8b47-69b4950f9177","ActionName":"NovadisApi.Controllers.CRIController.GetCRI (NovadisApi)","RequestId":"0HNL6JKODBG4T:00000010","RequestPath":"/api/CRI/450e1913-01d9-4d24-b563-e48c09ea3c33","ConnectionId":"0HNL6JKODBG4T","Application":"NovadisApi","Environment":"Development"}
[2026-04-30 11:49:32.922 +02:00 ERR] An exception occurred while iterating over the results of a query for context type 'NovadisApi.Data.NovadisDbContext'.
Microsoft.Data.SqlClient.SqlException (0x80131904): Nom de colonne non valide : 'Description'.
Nom de colonne non valide : 'MimeType'.
Nom de colonne non valide : 'OriginalFileName'.
Nom de colonne non valide : 'StoragePath'.
Nom de colonne non valide : 'UploadedAt'.
   at Microsoft.Data.SqlClient.SqlCommand.<>c.<ExecuteDbDataReaderAsync>b__195_0(Task`1 result)
   at System.Threading.Tasks.ContinuationResultTaskFromResultTask`2.InnerInvoke()
   at System.Threading.ExecutionContext.RunInternal(ExecutionContext executionContext, ContextCallback callback, Object state)
--- End of stack trace from previous location ---
   at System.Threading.ExecutionContext.RunInternal(ExecutionContext executionContext, ContextCallback callback, Object state)
   at System.Threading.Tasks.Task.ExecuteWithThreadLocal(Task& currentTaskSlot, Thread threadPoolThread)
--- End of stack trace from previous location ---
   at Microsoft.EntityFrameworkCore.Storage.RelationalCommand.ExecuteReaderAsync(RelationalCommandParameterObject parameterObject, CancellationToken cancellationToken)
   at Microsoft.EntityFrameworkCore.Storage.RelationalCommand.ExecuteReaderAsync(RelationalCommandParameterObject parameterObject, CancellationToken cancellationToken)
   at Microsoft.EntityFrameworkCore.Query.Internal.SingleQueryingEnumerable`1.AsyncEnumerator.InitializeReaderAsync(AsyncEnumerator enumerator, CancellationToken cancellationToken)
   at Microsoft.EntityFrameworkCore.Storage.ExecutionStrategy.<>c__DisplayClass30_0`2.<<ExecuteAsync>b__0>d.MoveNext()
--- End of stack trace from previous location ---
   at Microsoft.EntityFrameworkCore.Storage.ExecutionStrategy.ExecuteImplementationAsync[TState,TResult](Func`4 operation, Func`4 verifySucceeded, TState state, CancellationToken cancellationToken)
   at Microsoft.EntityFrameworkCore.Storage.ExecutionStrategy.ExecuteImplementationAsync[TState,TResult](Func`4 operation, Func`4 verifySucceeded, TState state, CancellationToken cancellationToken)
   at Microsoft.EntityFrameworkCore.Storage.ExecutionStrategy.ExecuteAsync[TState,TResult](TState state, Func`4 operation, Func`4 verifySucceeded, CancellationToken cancellationToken)
   at Microsoft.EntityFrameworkCore.Query.Internal.SingleQueryingEnumerable`1.AsyncEnumerator.MoveNextAsync()
ClientConnectionId :aa2dec14-6581-4c89-a743-4228494b6a76
Error Number :207,State :1,Class :16 {"EventId":{"Id":10100,"Name":"Microsoft.EntityFrameworkCore.Query.QueryIterationFailed"},"SourceContext":"Microsoft.EntityFrameworkCore.Query","ActionId":"906e76d1-0a5a-460c-8b47-69b4950f9177","ActionName":"NovadisApi.Controllers.CRIController.GetCRI (NovadisApi)","RequestId":"0HNL6JKODBG4T:00000010","RequestPath":"/api/CRI/450e1913-01d9-4d24-b563-e48c09ea3c33","ConnectionId":"0HNL6JKODBG4T","Application":"NovadisApi","Environment":"Development"}
Microsoft.Data.SqlClient.SqlException (0x80131904): Nom de colonne non valide : 'Description'.
Nom de colonne non valide : 'MimeType'.
Nom de colonne non valide : 'OriginalFileName'.
Nom de colonne non valide : 'StoragePath'.
Nom de colonne non valide : 'UploadedAt'.
   at Microsoft.Data.SqlClient.SqlCommand.<>c.<ExecuteDbDataReaderAsync>b__195_0(Task`1 result)
   at System.Threading.Tasks.ContinuationResultTaskFromResultTask`2.InnerInvoke()
   at System.Threading.ExecutionContext.RunInternal(ExecutionContext executionContext, ContextCallback callback, Object state)
--- End of stack trace from previous location ---
   at System.Threading.ExecutionContext.RunInternal(ExecutionContext executionContext, ContextCallback callback, Object state)
   at System.Threading.Tasks.Task.ExecuteWithThreadLocal(Task& currentTaskSlot, Thread threadPoolThread)
--- End of stack trace from previous location ---
   at Microsoft.EntityFrameworkCore.Storage.RelationalCommand.ExecuteReaderAsync(RelationalCommandParameterObject parameterObject, CancellationToken cancellationToken)
   at Microsoft.EntityFrameworkCore.Storage.RelationalCommand.ExecuteReaderAsync(RelationalCommandParameterObject parameterObject, CancellationToken cancellationToken)
   at Microsoft.EntityFrameworkCore.Query.Internal.SingleQueryingEnumerable`1.AsyncEnumerator.InitializeReaderAsync(AsyncEnumerator enumerator, CancellationToken cancellationToken)
   at Microsoft.EntityFrameworkCore.Storage.ExecutionStrategy.<>c__DisplayClass30_0`2.<<ExecuteAsync>b__0>d.MoveNext()
--- End of stack trace from previous location ---
   at Microsoft.EntityFrameworkCore.Storage.ExecutionStrategy.ExecuteImplementationAsync[TState,TResult](Func`4 operation, Func`4 verifySucceeded, TState state, CancellationToken cancellationToken)
   at Microsoft.EntityFrameworkCore.Storage.ExecutionStrategy.ExecuteImplementationAsync[TState,TResult](Func`4 operation, Func`4 verifySucceeded, TState state, CancellationToken cancellationToken)
   at Microsoft.EntityFrameworkCore.Storage.ExecutionStrategy.ExecuteAsync[TState,TResult](TState state, Func`4 operation, Func`4 verifySucceeded, CancellationToken cancellationToken)
   at Microsoft.EntityFrameworkCore.Query.Internal.SingleQueryingEnumerable`1.AsyncEnumerator.MoveNextAsync()
ClientConnectionId :aa2dec14-6581-4c89-a743-4228494b6a76
Error Number :207,State :1,Class :16
[2026-04-30 11:49:32.944 +02:00 ERR] HTTP GET /api/CRI/450e1913-01d9-4d24-b563-e48c09ea3c33 → 500 en 43ms {"UserId":"771fc89f-f94c-4e0c-9a2a-67ed55885002","SourceContext":"Serilog.AspNetCore.RequestLoggingMiddleware","RequestId":"0HNL6JKODBG4T:00000010","ConnectionId":"0HNL6JKODBG4T","Application":"NovadisApi","Environment":"Development"}
Microsoft.Data.SqlClient.SqlException (0x80131904): Nom de colonne non valide : 'Description'.
Nom de colonne non valide : 'MimeType'.
Nom de colonne non valide : 'OriginalFileName'.
Nom de colonne non valide : 'StoragePath'.
Nom de colonne non valide : 'UploadedAt'.
   at Microsoft.Data.SqlClient.SqlCommand.<>c.<ExecuteDbDataReaderAsync>b__195_0(Task`1 result)
   at System.Threading.Tasks.ContinuationResultTaskFromResultTask`2.InnerInvoke()
   at System.Threading.ExecutionContext.RunInternal(ExecutionContext executionContext, ContextCallback callback, Object state)
--- End of stack trace from previous location ---
   at System.Threading.ExecutionContext.RunInternal(ExecutionContext executionContext, ContextCallback callback, Object state)
   at System.Threading.Tasks.Task.ExecuteWithThreadLocal(Task& currentTaskSlot, Thread threadPoolThread)
--- End of stack trace from previous location ---
   at Microsoft.EntityFrameworkCore.Storage.RelationalCommand.ExecuteReaderAsync(RelationalCommandParameterObject parameterObject, CancellationToken cancellationToken)
   at Microsoft.EntityFrameworkCore.Storage.RelationalCommand.ExecuteReaderAsync(RelationalCommandParameterObject parameterObject, CancellationToken cancellationToken)
   at Microsoft.EntityFrameworkCore.Query.Internal.SingleQueryingEnumerable`1.AsyncEnumerator.InitializeReaderAsync(AsyncEnumerator enumerator, CancellationToken cancellationToken)
   at Microsoft.EntityFrameworkCore.Storage.ExecutionStrategy.<>c__DisplayClass30_0`2.<<ExecuteAsync>b__0>d.MoveNext()
--- End of stack trace from previous location ---
   at Microsoft.EntityFrameworkCore.Storage.ExecutionStrategy.ExecuteImplementationAsync[TState,TResult](Func`4 operation, Func`4 verifySucceeded, TState state, CancellationToken cancellationToken)
   at Microsoft.EntityFrameworkCore.Storage.ExecutionStrategy.ExecuteImplementationAsync[TState,TResult](Func`4 operation, Func`4 verifySucceeded, TState state, CancellationToken cancellationToken)
   at Microsoft.EntityFrameworkCore.Storage.ExecutionStrategy.ExecuteAsync[TState,TResult](TState state, Func`4 operation, Func`4 verifySucceeded, CancellationToken cancellationToken)
   at Microsoft.EntityFrameworkCore.Query.Internal.SingleQueryingEnumerable`1.AsyncEnumerator.MoveNextAsync()
   at Microsoft.EntityFrameworkCore.Query.ShapedQueryCompilingExpressionVisitor.SingleOrDefaultAsync[TSource](IAsyncEnumerable`1 asyncEnumerable, CancellationToken cancellationToken)
   at Microsoft.EntityFrameworkCore.Query.ShapedQueryCompilingExpressionVisitor.SingleOrDefaultAsync[TSource](IAsyncEnumerable`1 asyncEnumerable, CancellationToken cancellationToken)
   at NovadisApi.Controllers.CRIController.GetCRI(Guid id) in C:\Users\rdenimal\Documents\App_Novadis\CRI_Novadis\CRI_Novadis2.0\backend\src\NovadisApi\Controllers\CRIController.cs:line 97
   at lambda_method2501(Closure, Object)
   at Microsoft.AspNetCore.Mvc.Infrastructure.ActionMethodExecutor.AwaitableObjectResultExecutor.Execute(ActionContext actionContext, IActionResultTypeMapper mapper, ObjectMethodExecutor executor, Object controller, Object[] arguments)
   at Microsoft.AspNetCore.Mvc.Infrastructure.ControllerActionInvoker.<InvokeActionMethodAsync>g__Awaited|12_0(ControllerActionInvoker invoker, ValueTask`1 actionResultValueTask)
   at Microsoft.AspNetCore.Mvc.Infrastructure.ControllerActionInvoker.<InvokeNextActionFilterAsync>g__Awaited|10_0(ControllerActionInvoker invoker, Task lastTask, State next, Scope scope, Object state, Boolean isCompleted)
   at Microsoft.AspNetCore.Mvc.Infrastructure.ControllerActionInvoker.Rethrow(ActionExecutedContextSealed context)
   at Microsoft.AspNetCore.Mvc.Infrastructure.ControllerActionInvoker.Next(State& next, Scope& scope, Object& state, Boolean& isCompleted)
   at Microsoft.AspNetCore.Mvc.Infrastructure.ControllerActionInvoker.<InvokeInnerFilterAsync>g__Awaited|13_0(ControllerActionInvoker invoker, Task lastTask, State next, Scope scope, Object state, Boolean isCompleted)
   at Microsoft.AspNetCore.Mvc.Infrastructure.ResourceInvoker.<InvokeFilterPipelineAsync>g__Awaited|20_0(ResourceInvoker invoker, Task lastTask, State next, Scope scope, Object state, Boolean isCompleted)
   at Microsoft.AspNetCore.Mvc.Infrastructure.ResourceInvoker.<InvokeAsync>g__Awaited|17_0(ResourceInvoker invoker, Task task, IDisposable scope)
   at Microsoft.AspNetCore.Mvc.Infrastructure.ResourceInvoker.<InvokeAsync>g__Awaited|17_0(ResourceInvoker invoker, Task task, IDisposable scope)
   at Microsoft.AspNetCore.Authorization.AuthorizationMiddleware.Invoke(HttpContext context)
   at Microsoft.AspNetCore.Authentication.AuthenticationMiddleware.Invoke(HttpContext context)
   at Microsoft.AspNetCore.RateLimiting.RateLimitingMiddleware.InvokeInternal(HttpContext context, EnableRateLimitingAttribute enableRateLimitingAttribute)
   at Swashbuckle.AspNetCore.SwaggerUI.SwaggerUIMiddleware.Invoke(HttpContext httpContext)
   at Swashbuckle.AspNetCore.Swagger.SwaggerMiddleware.Invoke(HttpContext httpContext, ISwaggerProvider swaggerProvider)
   at Serilog.AspNetCore.RequestLoggingMiddleware.Invoke(HttpContext httpContext)
ClientConnectionId :aa2dec14-6581-4c89-a743-4228494b6a76
Error Number :207,State :1,Class :16
[2026-04-30 11:49:32.966 +02:00 ERR] Unhandled exception on GET /api/CRI/450e1913-01d9-4d24-b563-e48c09ea3c33 (TraceId=0HNL6JKODBG4T:00000010) {"SourceContext":"NovadisApi.Middleware.GlobalExceptionHandler","RequestId":"0HNL6JKODBG4T:00000010","RequestPath":"/api/CRI/450e1913-01d9-4d24-b563-e48c09ea3c33","ConnectionId":"0HNL6JKODBG4T","Application":"NovadisApi","Environment":"Development"}
Microsoft.Data.SqlClient.SqlException (0x80131904): Nom de colonne non valide : 'Description'.
Nom de colonne non valide : 'MimeType'.
Nom de colonne non valide : 'OriginalFileName'.
Nom de colonne non valide : 'StoragePath'.
Nom de colonne non valide : 'UploadedAt'.
   at Microsoft.Data.SqlClient.SqlCommand.<>c.<ExecuteDbDataReaderAsync>b__195_0(Task`1 result)
   at System.Threading.Tasks.ContinuationResultTaskFromResultTask`2.InnerInvoke()
   at System.Threading.ExecutionContext.RunInternal(ExecutionContext executionContext, ContextCallback callback, Object state)
--- End of stack trace from previous location ---
   at System.Threading.ExecutionContext.RunInternal(ExecutionContext executionContext, ContextCallback callback, Object state)
   at System.Threading.Tasks.Task.ExecuteWithThreadLocal(Task& currentTaskSlot, Thread threadPoolThread)
--- End of stack trace from previous location ---
   at Microsoft.EntityFrameworkCore.Storage.RelationalCommand.ExecuteReaderAsync(RelationalCommandParameterObject parameterObject, CancellationToken cancellationToken)
   at Microsoft.EntityFrameworkCore.Storage.RelationalCommand.ExecuteReaderAsync(RelationalCommandParameterObject parameterObject, CancellationToken cancellationToken)
   at Microsoft.EntityFrameworkCore.Query.Internal.SingleQueryingEnumerable`1.AsyncEnumerator.InitializeReaderAsync(AsyncEnumerator enumerator, CancellationToken cancellationToken)
   at Microsoft.EntityFrameworkCore.Storage.ExecutionStrategy.<>c__DisplayClass30_0`2.<<ExecuteAsync>b__0>d.MoveNext()
--- End of stack trace from previous location ---
   at Microsoft.EntityFrameworkCore.Storage.ExecutionStrategy.ExecuteImplementationAsync[TState,TResult](Func`4 operation, Func`4 verifySucceeded, TState state, CancellationToken cancellationToken)
   at Microsoft.EntityFrameworkCore.Storage.ExecutionStrategy.ExecuteImplementationAsync[TState,TResult](Func`4 operation, Func`4 verifySucceeded, TState state, CancellationToken cancellationToken)
   at Microsoft.EntityFrameworkCore.Storage.ExecutionStrategy.ExecuteAsync[TState,TResult](TState state, Func`4 operation, Func`4 verifySucceeded, CancellationToken cancellationToken)
   at Microsoft.EntityFrameworkCore.Query.Internal.SingleQueryingEnumerable`1.AsyncEnumerator.MoveNextAsync()
   at Microsoft.EntityFrameworkCore.Query.ShapedQueryCompilingExpressionVisitor.SingleOrDefaultAsync[TSource](IAsyncEnumerable`1 asyncEnumerable, CancellationToken cancellationToken)
   at Microsoft.EntityFrameworkCore.Query.ShapedQueryCompilingExpressionVisitor.SingleOrDefaultAsync[TSource](IAsyncEnumerable`1 asyncEnumerable, CancellationToken cancellationToken)
   at NovadisApi.Controllers.CRIController.GetCRI(Guid id) in C:\Users\rdenimal\Documents\App_Novadis\CRI_Novadis\CRI_Novadis2.0\backend\src\NovadisApi\Controllers\CRIController.cs:line 97
   at lambda_method2501(Closure, Object)
   at Microsoft.AspNetCore.Mvc.Infrastructure.ActionMethodExecutor.AwaitableObjectResultExecutor.Execute(ActionContext actionContext, IActionResultTypeMapper mapper, ObjectMethodExecutor executor, Object controller, Object[] arguments)
   at Microsoft.AspNetCore.Mvc.Infrastructure.ControllerActionInvoker.<InvokeActionMethodAsync>g__Awaited|12_0(ControllerActionInvoker invoker, ValueTask`1 actionResultValueTask)
   at Microsoft.AspNetCore.Mvc.Infrastructure.ControllerActionInvoker.<InvokeNextActionFilterAsync>g__Awaited|10_0(ControllerActionInvoker invoker, Task lastTask, State next, Scope scope, Object state, Boolean isCompleted)
   at Microsoft.AspNetCore.Mvc.Infrastructure.ControllerActionInvoker.Rethrow(ActionExecutedContextSealed context)
   at Microsoft.AspNetCore.Mvc.Infrastructure.ControllerActionInvoker.Next(State& next, Scope& scope, Object& state, Boolean& isCompleted)
   at Microsoft.AspNetCore.Mvc.Infrastructure.ControllerActionInvoker.<InvokeInnerFilterAsync>g__Awaited|13_0(ControllerActionInvoker invoker, Task lastTask, State next, Scope scope, Object state, Boolean isCompleted)
   at Microsoft.AspNetCore.Mvc.Infrastructure.ResourceInvoker.<InvokeFilterPipelineAsync>g__Awaited|20_0(ResourceInvoker invoker, Task lastTask, State next, Scope scope, Object state, Boolean isCompleted)
   at Microsoft.AspNetCore.Mvc.Infrastructure.ResourceInvoker.<InvokeAsync>g__Awaited|17_0(ResourceInvoker invoker, Task task, IDisposable scope)
   at Microsoft.AspNetCore.Mvc.Infrastructure.ResourceInvoker.<InvokeAsync>g__Awaited|17_0(ResourceInvoker invoker, Task task, IDisposable scope)
   at Microsoft.AspNetCore.Authorization.AuthorizationMiddleware.Invoke(HttpContext context)
   at Microsoft.AspNetCore.Authentication.AuthenticationMiddleware.Invoke(HttpContext context)
   at Microsoft.AspNetCore.RateLimiting.RateLimitingMiddleware.InvokeInternal(HttpContext context, EnableRateLimitingAttribute enableRateLimitingAttribute)
   at Swashbuckle.AspNetCore.SwaggerUI.SwaggerUIMiddleware.Invoke(HttpContext httpContext)
   at Swashbuckle.AspNetCore.Swagger.SwaggerMiddleware.Invoke(HttpContext httpContext, ISwaggerProvider swaggerProvider)
   at Serilog.AspNetCore.RequestLoggingMiddleware.Invoke(HttpContext httpContext)
   at Program.<>c__DisplayClass0_0.<<<Main>$>b__9>d.MoveNext() in C:\Users\rdenimal\Documents\App_Novadis\CRI_Novadis\CRI_Novadis2.0\backend\src\NovadisApi\Program.cs:line 321
--- End of stack trace from previous location ---
   at Microsoft.AspNetCore.Diagnostics.ExceptionHandlerMiddlewareImpl.<Invoke>g__Awaited|10_0(ExceptionHandlerMiddlewareImpl middleware, HttpContext context, Task task)
ClientConnectionId :aa2dec14-6581-4c89-a743-4228494b6a76
Error Number :207,State :1,Class :16
[2026-04-30 11:59:00.445 +02:00 ERR] Failed executing DbCommand (235ms) [Parameters=[], CommandType='"Text"', CommandTimeout='30']

            IF NOT EXISTS (SELECT * FROM INFORMATION_SCHEMA.TABLES WHERE TABLE_NAME = 'CRIPhotos')
            BEGIN
                CREATE TABLE CRIPhotos (
                    Id uniqueidentifier NOT NULL PRIMARY KEY DEFAULT NEWID(),
                    CRIFormId uniqueidentifier NOT NULL,
                    StoragePath nvarchar(500) NOT NULL DEFAULT '',
                    OriginalFileName nvarchar(255) NULL,
                    MimeType nvarchar(100) NULL,
                    FileSize bigint NOT NULL DEFAULT 0,
                    Description nvarchar(255) NULL,
                    UploadedAt datetime2 NOT NULL DEFAULT GETUTCDATE(),
                    CONSTRAINT FK_CRIPhotos_CRIForms FOREIGN KEY (CRIFormId) REFERENCES CRIForms(Id) ON DELETE CASCADE
                );
                CREATE INDEX IX_CRIPhotos_CRIFormId ON CRIPhotos(CRIFormId);
            END
            ELSE
            BEGIN
                IF NOT EXISTS (SELECT * FROM sys.columns WHERE object_id = OBJECT_ID(N'CRIPhotos') AND name = 'StoragePath')
                    ALTER TABLE CRIPhotos ADD StoragePath nvarchar(500) NOT NULL DEFAULT '';
                IF NOT EXISTS (SELECT * FROM sys.columns WHERE object_id = OBJECT_ID(N'CRIPhotos') AND name = 'OriginalFileName')
                    ALTER TABLE CRIPhotos ADD OriginalFileName nvarchar(255) NULL;
                IF NOT EXISTS (SELECT * FROM sys.columns WHERE object_id = OBJECT_ID(N'CRIPhotos') AND name = 'MimeType')
                    ALTER TABLE CRIPhotos ADD MimeType nvarchar(100) NULL;
                IF NOT EXISTS (SELECT * FROM sys.columns WHERE object_id = OBJECT_ID(N'CRIPhotos') AND name = 'FileSize')
                    ALTER TABLE CRIPhotos ADD FileSize bigint NOT NULL DEFAULT 0;
                IF NOT EXISTS (SELECT * FROM sys.columns WHERE object_id = OBJECT_ID(N'CRIPhotos') AND name = 'Description')
                    ALTER TABLE CRIPhotos ADD Description nvarchar(255) NULL;
                IF NOT EXISTS (SELECT * FROM sys.columns WHERE object_id = OBJECT_ID(N'CRIPhotos') AND name = 'UploadedAt')
                    ALTER TABLE CRIPhotos ADD UploadedAt datetime2 NOT NULL DEFAULT GETUTCDATE();
            END {"EventId":{"Id":20102,"Name":"Microsoft.EntityFrameworkCore.Database.Command.CommandError"},"SourceContext":"Microsoft.EntityFrameworkCore.Database.Command","Application":"NovadisApi","Environment":"Development"}
[2026-04-30 11:59:00.479 +02:00 ERR] Error during CRIPhotos schema migration {"SourceContext":"Program","Application":"NovadisApi","Environment":"Development"}
Microsoft.Data.SqlClient.SqlException (0x80131904): L'objet "CRIPhotos" est introuvable, car il n'existe pas ou vous ne disposez pas des autorisations requises.
   at Microsoft.Data.SqlClient.SqlConnection.OnError(SqlException exception, Boolean breakConnection, Action`1 wrapCloseInAction)
   at Microsoft.Data.SqlClient.SqlInternalConnection.OnError(SqlException exception, Boolean breakConnection, Action`1 wrapCloseInAction)
   at Microsoft.Data.SqlClient.TdsParser.ThrowExceptionAndWarning(TdsParserStateObject stateObj, SqlCommand command, Boolean callerHasConnectionLock, Boolean asyncClose)
   at Microsoft.Data.SqlClient.TdsParser.TryRun(RunBehavior runBehavior, SqlCommand cmdHandler, SqlDataReader dataStream, BulkCopySimpleResultSet bulkCopyHandler, TdsParserStateObject stateObj, Boolean& dataReady)
   at Microsoft.Data.SqlClient.SqlCommand.RunExecuteNonQueryTds(String methodName, Boolean isAsync, Int32 timeout, Boolean asyncWrite)
   at Microsoft.Data.SqlClient.SqlCommand.InternalExecuteNonQuery(TaskCompletionSource`1 completion, Boolean sendToPipe, Int32 timeout, Boolean& usedCache, Boolean asyncWrite, Boolean inRetry, String methodName)
   at Microsoft.Data.SqlClient.SqlCommand.ExecuteNonQuery()
   at Microsoft.EntityFrameworkCore.Storage.RelationalCommand.ExecuteNonQuery(RelationalCommandParameterObject parameterObject)
   at Microsoft.EntityFrameworkCore.RelationalDatabaseFacadeExtensions.ExecuteSqlRaw(DatabaseFacade databaseFacade, String sql, IEnumerable`1 parameters)
   at Microsoft.EntityFrameworkCore.RelationalDatabaseFacadeExtensions.ExecuteSqlRaw(DatabaseFacade databaseFacade, String sql, Object[] parameters)
   at Program.<Main>$(String[] args) in C:\Users\rdenimal\Documents\App_Novadis\CRI_Novadis\CRI_Novadis2.0\backend\src\NovadisApi\Program.cs:line 411
ClientConnectionId :34c6ed33-5cac-4089-a933-8fd42e6de6a5
Error Number :1088,State :13,Class :16
