[2026-05-29 09:09:54.541 +02:00 INF] Applying pending database migrations... {"SourceContext":"NovadisApi","Application":"NovadisApi","Environment":"Development"}
[2026-05-29 09:09:56.209 +02:00 INF] Database migrations applied successfully {"SourceContext":"NovadisApi","Application":"NovadisApi","Environment":"Development"}
[2026-05-29 09:09:56.495 +02:00 WRN] CSV file not found, skipping site import {"SourceContext":"Program","Application":"NovadisApi","Environment":"Development"}
[2026-05-29 09:09:56.499 +02:00 INF] Novadis CRI API starting... {"SourceContext":"NovadisApi","Application":"NovadisApi","Environment":"Development"}
[2026-05-29 09:09:56.506 +02:00 INF] Environment: Development {"SourceContext":"NovadisApi","Application":"NovadisApi"}
[2026-05-29 09:09:56.733 +02:00 INF] Now listening on: http://0.0.0.0:5200 {"EventId":{"Id":14,"Name":"ListeningOnAddress"},"SourceContext":"Microsoft.Hosting.Lifetime","Application":"NovadisApi","Environment":"Development"}
[2026-05-29 09:09:56.740 +02:00 INF] Application started. Press Ctrl+C to shut down. {"SourceContext":"Microsoft.Hosting.Lifetime","Application":"NovadisApi","Environment":"Development"}
[2026-05-29 09:09:56.743 +02:00 INF] Hosting environment: Development {"SourceContext":"Microsoft.Hosting.Lifetime","Application":"NovadisApi","Environment":"Development"}
[2026-05-29 09:09:56.745 +02:00 INF] Content root path: C:\Users\rdenimal\Documents\App_Novadis\CRI_Novadis\CRI_Novadis2.0\backend\src\NovadisApi {"SourceContext":"Microsoft.Hosting.Lifetime","Application":"NovadisApi","Environment":"Development"}
[2026-05-29 09:11:56.971 +02:00 INF] Purge RGPD : 0 AuditLogs, 0 AuthAttempts, 0 UserTokens supprimés {"SourceContext":"NovadisApi.Services.Maintenance.DataRetentionService","Application":"NovadisApi","Environment":"Development"}
[2026-05-29 09:12:26.705 +02:00 INF] Login attempt for email: rdenimal@novadis.eu {"SourceContext":"NovadisApi.Services.Auth.AuthService","ActionId":"5a8d421c-9d89-4d68-96cf-8d047d6db589","ActionName":"NovadisApi.Controllers.AuthController.Login (NovadisApi)","RequestId":"0HNLTA6HJTAJS:00000002","RequestPath":"/api/auth/login","ConnectionId":"0HNLTA6HJTAJS","Application":"NovadisApi","Environment":"Development"}
[2026-05-29 09:12:26.852 +02:00 WRN] Login failed: User not found or inactive - rdenimal@novadis.eu {"SourceContext":"NovadisApi.Services.Auth.AuthService","ActionId":"5a8d421c-9d89-4d68-96cf-8d047d6db589","ActionName":"NovadisApi.Controllers.AuthController.Login (NovadisApi)","RequestId":"0HNLTA6HJTAJS:00000002","RequestPath":"/api/auth/login","ConnectionId":"0HNLTA6HJTAJS","Application":"NovadisApi","Environment":"Development"}
[2026-05-29 09:12:26.888 +02:00 WRN] HTTP POST /api/auth/login → 400 en 499ms {"UserId":"anon","SourceContext":"Serilog.AspNetCore.RequestLoggingMiddleware","RequestId":"0HNLTA6HJTAJS:00000002","ConnectionId":"0HNLTA6HJTAJS","Application":"NovadisApi","Environment":"Development"}
[2026-05-29 09:14:09.836 +02:00 INF] Login attempt for email: rdenimal@novadis.eu {"SourceContext":"NovadisApi.Services.Auth.AuthService","ActionId":"5a8d421c-9d89-4d68-96cf-8d047d6db589","ActionName":"NovadisApi.Controllers.AuthController.Login (NovadisApi)","RequestId":"0HNLTA6HJTAJS:00000004","RequestPath":"/api/auth/login","ConnectionId":"0HNLTA6HJTAJS","Application":"NovadisApi","Environment":"Development"}
[2026-05-29 09:14:09.852 +02:00 WRN] Login failed: User not found or inactive - rdenimal@novadis.eu {"SourceContext":"NovadisApi.Services.Auth.AuthService","ActionId":"5a8d421c-9d89-4d68-96cf-8d047d6db589","ActionName":"NovadisApi.Controllers.AuthController.Login (NovadisApi)","RequestId":"0HNLTA6HJTAJS:00000004","RequestPath":"/api/auth/login","ConnectionId":"0HNLTA6HJTAJS","Application":"NovadisApi","Environment":"Development"}
[2026-05-29 09:14:09.904 +02:00 WRN] HTTP POST /api/auth/login → 400 en 74ms {"UserId":"anon","SourceContext":"Serilog.AspNetCore.RequestLoggingMiddleware","RequestId":"0HNLTA6HJTAJS:00000004","ConnectionId":"0HNLTA6HJTAJS","Application":"NovadisApi","Environment":"Development"}
[2026-05-29 09:15:18.323 +02:00 WRN] HTTP GET /api/auth/login → 405 en 14ms {"UserId":"anon","SourceContext":"Serilog.AspNetCore.RequestLoggingMiddleware","RequestId":"0HNLTA6HJTAJT:00000001","ConnectionId":"0HNLTA6HJTAJT","Application":"NovadisApi","Environment":"Development"}
[2026-05-29 09:15:20.735 +02:00 WRN] HTTP GET /api/auth/login → 405 en 1ms {"UserId":"anon","SourceContext":"Serilog.AspNetCore.RequestLoggingMiddleware","RequestId":"0HNLTA6HJTAJT:00000002","ConnectionId":"0HNLTA6HJTAJT","Application":"NovadisApi","Environment":"Development"}
[2026-05-29 09:15:21.492 +02:00 WRN] HTTP GET /api/auth/login → 405 en 0ms {"UserId":"anon","SourceContext":"Serilog.AspNetCore.RequestLoggingMiddleware","RequestId":"0HNLTA6HJTAJT:00000003","ConnectionId":"0HNLTA6HJTAJT","Application":"NovadisApi","Environment":"Development"}
[2026-05-29 09:15:22.395 +02:00 WRN] HTTP GET /api/auth/login → 405 en 0ms {"UserId":"anon","SourceContext":"Serilog.AspNetCore.RequestLoggingMiddleware","RequestId":"0HNLTA6HJTAJT:00000004","ConnectionId":"0HNLTA6HJTAJT","Application":"NovadisApi","Environment":"Development"}
[2026-05-29 09:17:02.994 +02:00 INF] Login attempt for email: admin@novadis.fr {"SourceContext":"NovadisApi.Services.Auth.AuthService","ActionId":"5a8d421c-9d89-4d68-96cf-8d047d6db589","ActionName":"NovadisApi.Controllers.AuthController.Login (NovadisApi)","RequestId":"0HNLTA6HJTAJV:00000002","RequestPath":"/api/auth/login","ConnectionId":"0HNLTA6HJTAJV","Application":"NovadisApi","Environment":"Development"}
[2026-05-29 09:17:03.326 +02:00 INF] 🔐 [DEV] Code de connexion pour admin@novadis.fr: 731537 {"SourceContext":"NovadisApi.Services.Auth.AuthService","ActionId":"5a8d421c-9d89-4d68-96cf-8d047d6db589","ActionName":"NovadisApi.Controllers.AuthController.Login (NovadisApi)","RequestId":"0HNLTA6HJTAJV:00000002","RequestPath":"/api/auth/login","ConnectionId":"0HNLTA6HJTAJV","Application":"NovadisApi","Environment":"Development"}
[2026-05-29 09:17:04.664 +02:00 INF] Email sent successfully to admin@novadis.fr {"SourceContext":"NovadisApi.Services.Email.EmailService","ActionId":"5a8d421c-9d89-4d68-96cf-8d047d6db589","ActionName":"NovadisApi.Controllers.AuthController.Login (NovadisApi)","RequestId":"0HNLTA6HJTAJV:00000002","RequestPath":"/api/auth/login","ConnectionId":"0HNLTA6HJTAJV","Application":"NovadisApi","Environment":"Development"}
[2026-05-29 09:17:04.740 +02:00 INF] Login code sent successfully to admin@novadis.fr {"SourceContext":"NovadisApi.Services.Auth.AuthService","ActionId":"5a8d421c-9d89-4d68-96cf-8d047d6db589","ActionName":"NovadisApi.Controllers.AuthController.Login (NovadisApi)","RequestId":"0HNLTA6HJTAJV:00000002","RequestPath":"/api/auth/login","ConnectionId":"0HNLTA6HJTAJV","Application":"NovadisApi","Environment":"Development"}
[2026-05-29 09:17:04.757 +02:00 WRN] HTTP POST /api/auth/login → 200 en 1769ms {"UserId":"anon","SourceContext":"Serilog.AspNetCore.RequestLoggingMiddleware","RequestId":"0HNLTA6HJTAJV:00000002","ConnectionId":"0HNLTA6HJTAJV","Application":"NovadisApi","Environment":"Development"}
[2026-05-29 09:33:31.583 +02:00 INF] Application is shutting down... {"SourceContext":"Microsoft.Hosting.Lifetime","Application":"NovadisApi","Environment":"Development"}
[2026-05-29 09:33:40.149 +02:00 INF] Applying pending database migrations... {"SourceContext":"NovadisApi","Application":"NovadisApi","Environment":"Development"}
[2026-05-29 09:33:41.477 +02:00 INF] Database migrations applied successfully {"SourceContext":"NovadisApi","Application":"NovadisApi","Environment":"Development"}
[2026-05-29 09:33:41.787 +02:00 WRN] CSV file not found, skipping site import {"SourceContext":"Program","Application":"NovadisApi","Environment":"Development"}
[2026-05-29 09:33:41.793 +02:00 INF] Novadis CRI API starting... {"SourceContext":"NovadisApi","Application":"NovadisApi","Environment":"Development"}
[2026-05-29 09:33:41.800 +02:00 INF] Environment: Development {"SourceContext":"NovadisApi","Application":"NovadisApi"}
[2026-05-29 09:33:41.944 +02:00 INF] Now listening on: http://0.0.0.0:5200 {"EventId":{"Id":14,"Name":"ListeningOnAddress"},"SourceContext":"Microsoft.Hosting.Lifetime","Application":"NovadisApi","Environment":"Development"}
[2026-05-29 09:33:41.952 +02:00 INF] Application started. Press Ctrl+C to shut down. {"SourceContext":"Microsoft.Hosting.Lifetime","Application":"NovadisApi","Environment":"Development"}
[2026-05-29 09:33:41.955 +02:00 INF] Hosting environment: Development {"SourceContext":"Microsoft.Hosting.Lifetime","Application":"NovadisApi","Environment":"Development"}
[2026-05-29 09:33:41.958 +02:00 INF] Content root path: C:\Users\rdenimal\Documents\App_Novadis\CRI_Novadis\CRI_Novadis2.0\backend\src\NovadisApi {"SourceContext":"Microsoft.Hosting.Lifetime","Application":"NovadisApi","Environment":"Development"}
[2026-05-29 09:33:59.722 +02:00 INF] Login attempt for email: rdenimal@novadis.eu {"SourceContext":"NovadisApi.Services.Auth.AuthService","ActionId":"e3fde03d-7a1d-4a57-a489-2c358226137a","ActionName":"NovadisApi.Controllers.AuthController.Login (NovadisApi)","RequestId":"0HNLTAIJ1RMQ5:00000002","RequestPath":"/api/auth/login","ConnectionId":"0HNLTAIJ1RMQ5","Application":"NovadisApi","Environment":"Development"}
[2026-05-29 09:34:00.242 +02:00 INF] 🔐 [DEV] Code de connexion pour rdenimal@novadis.eu: 224566 {"SourceContext":"NovadisApi.Services.Auth.AuthService","ActionId":"e3fde03d-7a1d-4a57-a489-2c358226137a","ActionName":"NovadisApi.Controllers.AuthController.Login (NovadisApi)","RequestId":"0HNLTAIJ1RMQ5:00000002","RequestPath":"/api/auth/login","ConnectionId":"0HNLTAIJ1RMQ5","Application":"NovadisApi","Environment":"Development"}
[2026-05-29 09:34:01.091 +02:00 INF] Email sent successfully to rdenimal@novadis.eu {"SourceContext":"NovadisApi.Services.Email.EmailService","ActionId":"e3fde03d-7a1d-4a57-a489-2c358226137a","ActionName":"NovadisApi.Controllers.AuthController.Login (NovadisApi)","RequestId":"0HNLTAIJ1RMQ5:00000002","RequestPath":"/api/auth/login","ConnectionId":"0HNLTAIJ1RMQ5","Application":"NovadisApi","Environment":"Development"}
[2026-05-29 09:34:01.181 +02:00 INF] Login code sent successfully to rdenimal@novadis.eu {"SourceContext":"NovadisApi.Services.Auth.AuthService","ActionId":"e3fde03d-7a1d-4a57-a489-2c358226137a","ActionName":"NovadisApi.Controllers.AuthController.Login (NovadisApi)","RequestId":"0HNLTAIJ1RMQ5:00000002","RequestPath":"/api/auth/login","ConnectionId":"0HNLTAIJ1RMQ5","Application":"NovadisApi","Environment":"Development"}
[2026-05-29 09:34:01.230 +02:00 WRN] HTTP POST /api/auth/login → 200 en 1634ms {"UserId":"anon","SourceContext":"Serilog.AspNetCore.RequestLoggingMiddleware","RequestId":"0HNLTAIJ1RMQ5:00000002","ConnectionId":"0HNLTAIJ1RMQ5","Application":"NovadisApi","Environment":"Development"}
[2026-05-29 09:34:17.917 +02:00 INF] Code verification attempt for rdenimal@novadis.eu {"SourceContext":"NovadisApi.Services.Auth.AuthService","ActionId":"d2921a1d-aced-4904-8791-2f7f5354ec32","ActionName":"NovadisApi.Controllers.AuthController.VerifyCode (NovadisApi)","RequestId":"0HNLTAIJ1RMQ5:00000004","RequestPath":"/api/auth/verify","ConnectionId":"0HNLTAIJ1RMQ5","Application":"NovadisApi","Environment":"Development"}
[2026-05-29 09:34:18.123 +02:00 INF] User rdenimal@novadis.eu logged in successfully {"SourceContext":"NovadisApi.Services.Auth.AuthService","ActionId":"d2921a1d-aced-4904-8791-2f7f5354ec32","ActionName":"NovadisApi.Controllers.AuthController.VerifyCode (NovadisApi)","RequestId":"0HNLTAIJ1RMQ5:00000004","RequestPath":"/api/auth/verify","ConnectionId":"0HNLTAIJ1RMQ5","Application":"NovadisApi","Environment":"Development"}
[2026-05-29 09:34:19.815 +02:00 ERR] Failed executing DbCommand (5ms) [Parameters=[@__8__locals1_userId_0='?' (DbType = Guid), @__startOfMonth_1='?' (DbType = DateTime)], CommandType='"Text"', CommandTimeout='30']
SELECT count(*)::int
FROM "CRIForms" AS c
WHERE c."TechnicianId" = @__8__locals1_userId_0 AND c."CreatedAt" >= @__startOfMonth_1 {"EventId":{"Id":20102,"Name":"Microsoft.EntityFrameworkCore.Database.Command.CommandError"},"SourceContext":"Microsoft.EntityFrameworkCore.Database.Command","ActionId":"f92d6e6f-3bc0-4cf1-b794-e1fd51a71c06","ActionName":"NovadisApi.Controllers.PersonalStatsController.GetPersonalStats (NovadisApi)","RequestId":"0HNLTAIJ1RMQ6:00000002","RequestPath":"/api/personal/stats","ConnectionId":"0HNLTAIJ1RMQ6","Application":"NovadisApi","Environment":"Development"}
[2026-05-29 09:34:19.874 +02:00 ERR] An exception occurred while iterating over the results of a query for context type 'NovadisApi.Data.NovadisDbContext'.
System.ArgumentException: Cannot write DateTime with Kind=Unspecified to PostgreSQL type 'timestamp with time zone', only UTC is supported. Note that it's not possible to mix DateTimes with different Kinds in an array, range, or multirange. (Parameter 'value')
   at Npgsql.Internal.Converters.DateTimeConverterResolver`1.Get(DateTime value, Nullable`1 expectedPgTypeId, Boolean validateOnly)
   at Npgsql.Internal.Converters.DateTimeConverterResolver.<>c.<CreateResolver>b__0_0(DateTimeConverterResolver`1 resolver, DateTime value, Nullable`1 expectedPgTypeId)
   at Npgsql.Internal.Converters.DateTimeConverterResolver`1.Get(T value, Nullable`1 expectedPgTypeId)
   at Npgsql.Internal.PgConverterResolver`1.GetAsObjectInternal(PgTypeInfo typeInfo, Object value, Nullable`1 expectedPgTypeId)
   at Npgsql.Internal.PgResolverTypeInfo.GetResolutionAsObject(Object value, Nullable`1 expectedPgTypeId)
   at Npgsql.Internal.PgTypeInfo.GetObjectResolution(Object value)
   at Npgsql.NpgsqlParameter.ResolveConverter(PgTypeInfo typeInfo)
   at Npgsql.NpgsqlParameter.ResolveTypeInfo(PgSerializerOptions options)
   at Npgsql.NpgsqlParameterCollection.ProcessParameters(PgSerializerOptions options, Boolean validateValues, CommandType commandType)
   at Npgsql.NpgsqlCommand.ExecuteReader(Boolean async, CommandBehavior behavior, CancellationToken cancellationToken)
   at Npgsql.NpgsqlCommand.ExecuteReader(Boolean async, CommandBehavior behavior, CancellationToken cancellationToken)
   at Npgsql.NpgsqlCommand.ExecuteDbDataReaderAsync(CommandBehavior behavior, CancellationToken cancellationToken)
   at Microsoft.EntityFrameworkCore.Storage.RelationalCommand.ExecuteReaderAsync(RelationalCommandParameterObject parameterObject, CancellationToken cancellationToken)
   at Microsoft.EntityFrameworkCore.Storage.RelationalCommand.ExecuteReaderAsync(RelationalCommandParameterObject parameterObject, CancellationToken cancellationToken)
   at Microsoft.EntityFrameworkCore.Query.Internal.SingleQueryingEnumerable`1.AsyncEnumerator.InitializeReaderAsync(AsyncEnumerator enumerator, CancellationToken cancellationToken)
   at Microsoft.EntityFrameworkCore.Storage.ExecutionStrategy.<>c__DisplayClass30_0`2.<<ExecuteAsync>b__0>d.MoveNext()
--- End of stack trace from previous location ---
   at Microsoft.EntityFrameworkCore.Storage.ExecutionStrategy.ExecuteImplementationAsync[TState,TResult](Func`4 operation, Func`4 verifySucceeded, TState state, CancellationToken cancellationToken)
   at Microsoft.EntityFrameworkCore.Storage.ExecutionStrategy.ExecuteImplementationAsync[TState,TResult](Func`4 operation, Func`4 verifySucceeded, TState state, CancellationToken cancellationToken)
   at Microsoft.EntityFrameworkCore.Storage.ExecutionStrategy.ExecuteAsync[TState,TResult](TState state, Func`4 operation, Func`4 verifySucceeded, CancellationToken cancellationToken)
   at Microsoft.EntityFrameworkCore.Query.Internal.SingleQueryingEnumerable`1.AsyncEnumerator.MoveNextAsync() {"EventId":{"Id":10100,"Name":"Microsoft.EntityFrameworkCore.Query.QueryIterationFailed"},"SourceContext":"Microsoft.EntityFrameworkCore.Query","ActionId":"f92d6e6f-3bc0-4cf1-b794-e1fd51a71c06","ActionName":"NovadisApi.Controllers.PersonalStatsController.GetPersonalStats (NovadisApi)","RequestId":"0HNLTAIJ1RMQ6:00000002","RequestPath":"/api/personal/stats","ConnectionId":"0HNLTAIJ1RMQ6","Application":"NovadisApi","Environment":"Development"}
System.ArgumentException: Cannot write DateTime with Kind=Unspecified to PostgreSQL type 'timestamp with time zone', only UTC is supported. Note that it's not possible to mix DateTimes with different Kinds in an array, range, or multirange. (Parameter 'value')
   at Npgsql.Internal.Converters.DateTimeConverterResolver`1.Get(DateTime value, Nullable`1 expectedPgTypeId, Boolean validateOnly)
   at Npgsql.Internal.Converters.DateTimeConverterResolver.<>c.<CreateResolver>b__0_0(DateTimeConverterResolver`1 resolver, DateTime value, Nullable`1 expectedPgTypeId)
   at Npgsql.Internal.Converters.DateTimeConverterResolver`1.Get(T value, Nullable`1 expectedPgTypeId)
   at Npgsql.Internal.PgConverterResolver`1.GetAsObjectInternal(PgTypeInfo typeInfo, Object value, Nullable`1 expectedPgTypeId)
   at Npgsql.Internal.PgResolverTypeInfo.GetResolutionAsObject(Object value, Nullable`1 expectedPgTypeId)
   at Npgsql.Internal.PgTypeInfo.GetObjectResolution(Object value)
   at Npgsql.NpgsqlParameter.ResolveConverter(PgTypeInfo typeInfo)
   at Npgsql.NpgsqlParameter.ResolveTypeInfo(PgSerializerOptions options)
   at Npgsql.NpgsqlParameterCollection.ProcessParameters(PgSerializerOptions options, Boolean validateValues, CommandType commandType)
   at Npgsql.NpgsqlCommand.ExecuteReader(Boolean async, CommandBehavior behavior, CancellationToken cancellationToken)
   at Npgsql.NpgsqlCommand.ExecuteReader(Boolean async, CommandBehavior behavior, CancellationToken cancellationToken)
   at Npgsql.NpgsqlCommand.ExecuteDbDataReaderAsync(CommandBehavior behavior, CancellationToken cancellationToken)
   at Microsoft.EntityFrameworkCore.Storage.RelationalCommand.ExecuteReaderAsync(RelationalCommandParameterObject parameterObject, CancellationToken cancellationToken)
   at Microsoft.EntityFrameworkCore.Storage.RelationalCommand.ExecuteReaderAsync(RelationalCommandParameterObject parameterObject, CancellationToken cancellationToken)
   at Microsoft.EntityFrameworkCore.Query.Internal.SingleQueryingEnumerable`1.AsyncEnumerator.InitializeReaderAsync(AsyncEnumerator enumerator, CancellationToken cancellationToken)
   at Microsoft.EntityFrameworkCore.Storage.ExecutionStrategy.<>c__DisplayClass30_0`2.<<ExecuteAsync>b__0>d.MoveNext()
--- End of stack trace from previous location ---
   at Microsoft.EntityFrameworkCore.Storage.ExecutionStrategy.ExecuteImplementationAsync[TState,TResult](Func`4 operation, Func`4 verifySucceeded, TState state, CancellationToken cancellationToken)
   at Microsoft.EntityFrameworkCore.Storage.ExecutionStrategy.ExecuteImplementationAsync[TState,TResult](Func`4 operation, Func`4 verifySucceeded, TState state, CancellationToken cancellationToken)
   at Microsoft.EntityFrameworkCore.Storage.ExecutionStrategy.ExecuteAsync[TState,TResult](TState state, Func`4 operation, Func`4 verifySucceeded, CancellationToken cancellationToken)
   at Microsoft.EntityFrameworkCore.Query.Internal.SingleQueryingEnumerable`1.AsyncEnumerator.MoveNextAsync()
[2026-05-29 09:34:19.891 +02:00 ERR] Error retrieving personal stats for user "771fc89f-f94c-4e0c-9a2a-67ed55885002" {"SourceContext":"NovadisApi.Controllers.PersonalStatsController","ActionId":"f92d6e6f-3bc0-4cf1-b794-e1fd51a71c06","ActionName":"NovadisApi.Controllers.PersonalStatsController.GetPersonalStats (NovadisApi)","RequestId":"0HNLTAIJ1RMQ6:00000002","RequestPath":"/api/personal/stats","ConnectionId":"0HNLTAIJ1RMQ6","Application":"NovadisApi","Environment":"Development"}
System.ArgumentException: Cannot write DateTime with Kind=Unspecified to PostgreSQL type 'timestamp with time zone', only UTC is supported. Note that it's not possible to mix DateTimes with different Kinds in an array, range, or multirange. (Parameter 'value')
   at Npgsql.Internal.Converters.DateTimeConverterResolver`1.Get(DateTime value, Nullable`1 expectedPgTypeId, Boolean validateOnly)
   at Npgsql.Internal.Converters.DateTimeConverterResolver.<>c.<CreateResolver>b__0_0(DateTimeConverterResolver`1 resolver, DateTime value, Nullable`1 expectedPgTypeId)
   at Npgsql.Internal.Converters.DateTimeConverterResolver`1.Get(T value, Nullable`1 expectedPgTypeId)
   at Npgsql.Internal.PgConverterResolver`1.GetAsObjectInternal(PgTypeInfo typeInfo, Object value, Nullable`1 expectedPgTypeId)
   at Npgsql.Internal.PgResolverTypeInfo.GetResolutionAsObject(Object value, Nullable`1 expectedPgTypeId)
   at Npgsql.Internal.PgTypeInfo.GetObjectResolution(Object value)
   at Npgsql.NpgsqlParameter.ResolveConverter(PgTypeInfo typeInfo)
   at Npgsql.NpgsqlParameter.ResolveTypeInfo(PgSerializerOptions options)
   at Npgsql.NpgsqlParameterCollection.ProcessParameters(PgSerializerOptions options, Boolean validateValues, CommandType commandType)
   at Npgsql.NpgsqlCommand.ExecuteReader(Boolean async, CommandBehavior behavior, CancellationToken cancellationToken)
   at Npgsql.NpgsqlCommand.ExecuteReader(Boolean async, CommandBehavior behavior, CancellationToken cancellationToken)
   at Npgsql.NpgsqlCommand.ExecuteDbDataReaderAsync(CommandBehavior behavior, CancellationToken cancellationToken)
   at Microsoft.EntityFrameworkCore.Storage.RelationalCommand.ExecuteReaderAsync(RelationalCommandParameterObject parameterObject, CancellationToken cancellationToken)
   at Microsoft.EntityFrameworkCore.Storage.RelationalCommand.ExecuteReaderAsync(RelationalCommandParameterObject parameterObject, CancellationToken cancellationToken)
   at Microsoft.EntityFrameworkCore.Query.Internal.SingleQueryingEnumerable`1.AsyncEnumerator.InitializeReaderAsync(AsyncEnumerator enumerator, CancellationToken cancellationToken)
   at Microsoft.EntityFrameworkCore.Storage.ExecutionStrategy.<>c__DisplayClass30_0`2.<<ExecuteAsync>b__0>d.MoveNext()
--- End of stack trace from previous location ---
   at Microsoft.EntityFrameworkCore.Storage.ExecutionStrategy.ExecuteImplementationAsync[TState,TResult](Func`4 operation, Func`4 verifySucceeded, TState state, CancellationToken cancellationToken)
   at Microsoft.EntityFrameworkCore.Storage.ExecutionStrategy.ExecuteImplementationAsync[TState,TResult](Func`4 operation, Func`4 verifySucceeded, TState state, CancellationToken cancellationToken)
   at Microsoft.EntityFrameworkCore.Storage.ExecutionStrategy.ExecuteAsync[TState,TResult](TState state, Func`4 operation, Func`4 verifySucceeded, CancellationToken cancellationToken)
   at Microsoft.EntityFrameworkCore.Query.Internal.SingleQueryingEnumerable`1.AsyncEnumerator.MoveNextAsync()
   at Microsoft.EntityFrameworkCore.Query.ShapedQueryCompilingExpressionVisitor.SingleAsync[TSource](IAsyncEnumerable`1 asyncEnumerable, CancellationToken cancellationToken)
   at Microsoft.EntityFrameworkCore.Query.ShapedQueryCompilingExpressionVisitor.SingleAsync[TSource](IAsyncEnumerable`1 asyncEnumerable, CancellationToken cancellationToken)
   at NovadisApi.Controllers.PersonalStatsController.GetPersonalStats() in C:\Users\rdenimal\Documents\App_Novadis\CRI_Novadis\CRI_Novadis2.0\backend\src\NovadisApi\Controllers\PersonalStatsController.cs:line 58
[2026-05-29 09:34:19.930 +02:00 ERR] HTTP GET /api/personal/stats → 500 en 227ms {"UserId":"771fc89f-f94c-4e0c-9a2a-67ed55885002","SourceContext":"Serilog.AspNetCore.RequestLoggingMiddleware","RequestId":"0HNLTAIJ1RMQ6:00000002","ConnectionId":"0HNLTAIJ1RMQ6","Application":"NovadisApi","Environment":"Development"}
[2026-05-29 09:35:41.922 +02:00 INF] Purge RGPD : 0 AuditLogs, 0 AuthAttempts, 0 UserTokens supprimés {"SourceContext":"NovadisApi.Services.Maintenance.DataRetentionService","Application":"NovadisApi","Environment":"Development"}
[2026-05-29 09:38:08.930 +02:00 INF] Application is shutting down... {"SourceContext":"Microsoft.Hosting.Lifetime","Application":"NovadisApi","Environment":"Development"}
