[2026-06-29 15:11:30.680 +02:00 INF] Applying pending database migrations... {"SourceContext":"NovadisApi","Application":"NovadisApi","Environment":"Development"}
[2026-06-29 15:11:31.051 +02:00 INF] Database migrations applied successfully {"SourceContext":"NovadisApi","Application":"NovadisApi","Environment":"Development"}
[2026-06-29 15:11:31.250 +02:00 INF] Sites table already contains 8 entries, skipping import {"SourceContext":"Program","Application":"NovadisApi","Environment":"Development"}
[2026-06-29 15:11:31.256 +02:00 INF] Novadis CRI API starting... {"SourceContext":"NovadisApi","Application":"NovadisApi","Environment":"Development"}
[2026-06-29 15:11:31.258 +02:00 INF] Environment: Development {"SourceContext":"NovadisApi","Application":"NovadisApi"}
[2026-06-29 15:11:31.427 +02:00 INF] Now listening on: http://0.0.0.0:5200 {"EventId":{"Id":14,"Name":"ListeningOnAddress"},"SourceContext":"Microsoft.Hosting.Lifetime","Application":"NovadisApi","Environment":"Development"}
[2026-06-29 15:11:31.431 +02:00 INF] Application started. Press Ctrl+C to shut down. {"SourceContext":"Microsoft.Hosting.Lifetime","Application":"NovadisApi","Environment":"Development"}
[2026-06-29 15:11:31.432 +02:00 INF] Hosting environment: Development {"SourceContext":"Microsoft.Hosting.Lifetime","Application":"NovadisApi","Environment":"Development"}
[2026-06-29 15:11:31.434 +02:00 INF] Content root path: C:\Users\rdenimal\Documents\App_Novadis\CRI_Novadis\CRI_Novadis2.0\backend\src\NovadisApi {"SourceContext":"Microsoft.Hosting.Lifetime","Application":"NovadisApi","Environment":"Development"}
[2026-06-29 15:13:18.978 +02:00 INF] Login attempt for email: rdenimal@novadis.eu {"SourceContext":"NovadisApi.Services.Auth.AuthService","ActionId":"e8d967ba-36e3-45f0-80a9-3af765a3ecde","ActionName":"NovadisApi.Controllers.AuthController.Login (NovadisApi)","RequestId":"0HNMLS0NU24JD:00000002","RequestPath":"/api/auth/login","ConnectionId":"0HNMLS0NU24JD","Application":"NovadisApi","Environment":"Development"}
[2026-06-29 15:13:19.369 +02:00 INF] 🔐 [DEV] Code de connexion pour rdenimal@novadis.eu: 608037 {"SourceContext":"NovadisApi.Services.Auth.AuthService","ActionId":"e8d967ba-36e3-45f0-80a9-3af765a3ecde","ActionName":"NovadisApi.Controllers.AuthController.Login (NovadisApi)","RequestId":"0HNMLS0NU24JD:00000002","RequestPath":"/api/auth/login","ConnectionId":"0HNMLS0NU24JD","Application":"NovadisApi","Environment":"Development"}
[2026-06-29 15:13:19.698 +02:00 WRN] ⚠️ Microsoft Graph not configured. Mocking email send to rdenimal@novadis.eu {"SourceContext":"NovadisApi.Services.Email.EmailService","ActionId":"e8d967ba-36e3-45f0-80a9-3af765a3ecde","ActionName":"NovadisApi.Controllers.AuthController.Login (NovadisApi)","RequestId":"0HNMLS0NU24JD:00000002","RequestPath":"/api/auth/login","ConnectionId":"0HNMLS0NU24JD","Application":"NovadisApi","Environment":"Development"}
[2026-06-29 15:13:19.704 +02:00 INF] 📧 Email Subject: Code de connexion Novadis CRI {"SourceContext":"NovadisApi.Services.Email.EmailService","ActionId":"e8d967ba-36e3-45f0-80a9-3af765a3ecde","ActionName":"NovadisApi.Controllers.AuthController.Login (NovadisApi)","RequestId":"0HNMLS0NU24JD:00000002","RequestPath":"/api/auth/login","ConnectionId":"0HNMLS0NU24JD","Application":"NovadisApi","Environment":"Development"}
[2026-06-29 15:13:19.711 +02:00 INF] 📝 Email Body: 
        <html>
        <body style='font-family: Arial, sans-serif;'>
            <div style='max-width: 600px; margin: 0 auto; padding: 20px;'>
                <h2 style='color: #2563eb;'>Connexion à Novadis CRI</h2>
                <p>Bonjour Rémy,</p>
                <p>Voici votre code de vérification pour vous connecter :</p>
                <div style='background: #f3f4f6; padding: 20px; border-radius: 8px; text-align: center; margin: 20px 0;'>
                    <h1 style='color: #1f2937; font-size: 36px; letter-spacing: 8px; margin: 0;'>608037</h1>
                </div>
                <p style='color: #6b7280;'>Ce code expire dans 10 minutes.</p>
                <p style='color: #6b7280; font-size: 12px;'>Si vous n'avez pas demandé ce code, ignorez cet email.</p>
                <hr style='border: none; border-top: 1px solid #e5e7eb; margin: 30px 0;'>
                <p style='color: #9ca3af; font-size: 12px;'>© 2026 Novadis - Tous droits réservés</p>
            </div>
        </body>
        </html> {"SourceContext":"NovadisApi.Services.Email.EmailService","ActionId":"e8d967ba-36e3-45f0-80a9-3af765a3ecde","ActionName":"NovadisApi.Controllers.AuthController.Login (NovadisApi)","RequestId":"0HNMLS0NU24JD:00000002","RequestPath":"/api/auth/login","ConnectionId":"0HNMLS0NU24JD","Application":"NovadisApi","Environment":"Development"}
[2026-06-29 15:13:19.783 +02:00 INF] Login code sent successfully to rdenimal@novadis.eu {"SourceContext":"NovadisApi.Services.Auth.AuthService","ActionId":"e8d967ba-36e3-45f0-80a9-3af765a3ecde","ActionName":"NovadisApi.Controllers.AuthController.Login (NovadisApi)","RequestId":"0HNMLS0NU24JD:00000002","RequestPath":"/api/auth/login","ConnectionId":"0HNMLS0NU24JD","Application":"NovadisApi","Environment":"Development"}
[2026-06-29 15:13:19.818 +02:00 WRN] HTTP POST /api/auth/login → 200 en 1099ms {"UserId":"anon","SourceContext":"Serilog.AspNetCore.RequestLoggingMiddleware","RequestId":"0HNMLS0NU24JD:00000002","ConnectionId":"0HNMLS0NU24JD","Application":"NovadisApi","Environment":"Development"}
[2026-06-29 15:13:31.363 +02:00 INF] Purge RGPD : 0 AuditLogs, 0 AuthAttempts, 0 UserTokens supprimés {"SourceContext":"NovadisApi.Services.Maintenance.DataRetentionService","Application":"NovadisApi","Environment":"Development"}
[2026-06-29 15:13:32.412 +02:00 INF] Code verification attempt for rdenimal@novadis.eu {"SourceContext":"NovadisApi.Services.Auth.AuthService","ActionId":"9b13eba4-9c66-4044-bb3e-0ee2c4da976d","ActionName":"NovadisApi.Controllers.AuthController.VerifyCode (NovadisApi)","RequestId":"0HNMLS0NU24JD:00000004","RequestPath":"/api/auth/verify","ConnectionId":"0HNMLS0NU24JD","Application":"NovadisApi","Environment":"Development"}
[2026-06-29 15:13:32.543 +02:00 INF] User rdenimal@novadis.eu logged in successfully {"SourceContext":"NovadisApi.Services.Auth.AuthService","ActionId":"9b13eba4-9c66-4044-bb3e-0ee2c4da976d","ActionName":"NovadisApi.Controllers.AuthController.VerifyCode (NovadisApi)","RequestId":"0HNMLS0NU24JD:00000004","RequestPath":"/api/auth/verify","ConnectionId":"0HNMLS0NU24JD","Application":"NovadisApi","Environment":"Development"}
