[2026-04-29 13:04:27.634 +02:00 INF] Skipping automatic migrations (already handled manually)... {"SourceContext":"NovadisApi","Application":"NovadisApi","Environment":"Development"}
[2026-04-29 13:04:29.254 +02:00 INF] Sites table already contains 846 entries, skipping import {"SourceContext":"Program","Application":"NovadisApi","Environment":"Development"}
[2026-04-29 13:04:29.266 +02:00 INF] Novadis CRI API starting... {"SourceContext":"NovadisApi","Application":"NovadisApi","Environment":"Development"}
[2026-04-29 13:04:29.269 +02:00 INF] Environment: Development {"SourceContext":"NovadisApi","Application":"NovadisApi"}
[2026-04-29 13:04:29.478 +02:00 INF] Now listening on: http://0.0.0.0:5200 {"EventId":{"Id":14,"Name":"ListeningOnAddress"},"SourceContext":"Microsoft.Hosting.Lifetime","Application":"NovadisApi","Environment":"Development"}
[2026-04-29 13:04:29.488 +02:00 INF] Application started. Press Ctrl+C to shut down. {"SourceContext":"Microsoft.Hosting.Lifetime","Application":"NovadisApi","Environment":"Development"}
[2026-04-29 13:04:29.492 +02:00 INF] Hosting environment: Development {"SourceContext":"Microsoft.Hosting.Lifetime","Application":"NovadisApi","Environment":"Development"}
[2026-04-29 13:04:29.497 +02:00 INF] Content root path: C:\Users\rdenimal\Documents\App_Novadis\CRI_Novadis\CRI_Novadis2.0\backend\src\NovadisApi {"SourceContext":"Microsoft.Hosting.Lifetime","Application":"NovadisApi","Environment":"Development"}
[2026-04-29 13:05:43.879 +02:00 WRN] HTTP GET /api/personal/stats → 401 en 313ms {"UserId":"anon","SourceContext":"Serilog.AspNetCore.RequestLoggingMiddleware","RequestId":"0HNL5RT0TDT86:00000003","ConnectionId":"0HNL5RT0TDT86","Application":"NovadisApi","Environment":"Development"}
[2026-04-29 13:05:43.879 +02:00 WRN] HTTP GET /api/global/technicians → 401 en 313ms {"UserId":"anon","SourceContext":"Serilog.AspNetCore.RequestLoggingMiddleware","RequestId":"0HNL5RT0TDT8A:00000003","ConnectionId":"0HNL5RT0TDT8A","Application":"NovadisApi","Environment":"Development"}
[2026-04-29 13:05:43.879 +02:00 WRN] HTTP GET /api/personal/cris → 401 en 314ms {"UserId":"anon","SourceContext":"Serilog.AspNetCore.RequestLoggingMiddleware","RequestId":"0HNL5RT0TDT87:00000003","ConnectionId":"0HNL5RT0TDT87","Application":"NovadisApi","Environment":"Development"}
[2026-04-29 13:05:43.879 +02:00 WRN] HTTP GET /api/personal/monthly-stats → 401 en 313ms {"UserId":"anon","SourceContext":"Serilog.AspNetCore.RequestLoggingMiddleware","RequestId":"0HNL5RT0TDT89:00000003","ConnectionId":"0HNL5RT0TDT89","Application":"NovadisApi","Environment":"Development"}
[2026-04-29 13:05:43.879 +02:00 WRN] HTTP GET /api/personal/recent → 401 en 314ms {"UserId":"anon","SourceContext":"Serilog.AspNetCore.RequestLoggingMiddleware","RequestId":"0HNL5RT0TDT88:00000003","ConnectionId":"0HNL5RT0TDT88","Application":"NovadisApi","Environment":"Development"}
[2026-04-29 13:05:43.879 +02:00 WRN] HTTP GET /api/global/cris → 401 en 318ms {"UserId":"anon","SourceContext":"Serilog.AspNetCore.RequestLoggingMiddleware","RequestId":"0HNL5RT0TDT8B:00000002","ConnectionId":"0HNL5RT0TDT8B","Application":"NovadisApi","Environment":"Development"}
[2026-04-29 13:05:43.908 +02:00 WRN] HTTP GET /api/global/stats/distribution → 401 en 4ms {"UserId":"anon","SourceContext":"Serilog.AspNetCore.RequestLoggingMiddleware","RequestId":"0HNL5RT0TDT86:00000004","ConnectionId":"0HNL5RT0TDT86","Application":"NovadisApi","Environment":"Development"}
[2026-04-29 13:05:43.908 +02:00 WRN] HTTP GET /api/global/stats/by-site → 401 en 4ms {"UserId":"anon","SourceContext":"Serilog.AspNetCore.RequestLoggingMiddleware","RequestId":"0HNL5RT0TDT8A:00000004","ConnectionId":"0HNL5RT0TDT8A","Application":"NovadisApi","Environment":"Development"}
[2026-04-29 13:05:43.908 +02:00 WRN] HTTP GET /api/global/stats → 401 en 2ms {"UserId":"anon","SourceContext":"Serilog.AspNetCore.RequestLoggingMiddleware","RequestId":"0HNL5RT0TDT87:00000004","ConnectionId":"0HNL5RT0TDT87","Application":"NovadisApi","Environment":"Development"}
[2026-04-29 13:05:43.915 +02:00 WRN] HTTP GET /api/global/stats/by-technician → 401 en 1ms {"UserId":"anon","SourceContext":"Serilog.AspNetCore.RequestLoggingMiddleware","RequestId":"0HNL5RT0TDT89:00000004","ConnectionId":"0HNL5RT0TDT89","Application":"NovadisApi","Environment":"Development"}
[2026-04-29 13:05:43.921 +02:00 WRN] HTTP GET /api/exported-documents → 401 en 1ms {"UserId":"anon","SourceContext":"Serilog.AspNetCore.RequestLoggingMiddleware","RequestId":"0HNL5RT0TDT88:00000004","ConnectionId":"0HNL5RT0TDT88","Application":"NovadisApi","Environment":"Development"}
[2026-04-29 13:05:48.141 +02:00 WRN] HTTP POST /api/auth/refresh → 429 en 1ms {"UserId":"anon","SourceContext":"Serilog.AspNetCore.RequestLoggingMiddleware","RequestId":"0HNL5RT0TDT8A:00000007","ConnectionId":"0HNL5RT0TDT8A","Application":"NovadisApi","Environment":"Development"}
[2026-04-29 13:05:48.173 +02:00 WRN] HTTP POST /api/auth/refresh → 429 en 0ms {"UserId":"anon","SourceContext":"Serilog.AspNetCore.RequestLoggingMiddleware","RequestId":"0HNL5RT0TDT8A:00000008","ConnectionId":"0HNL5RT0TDT8A","Application":"NovadisApi","Environment":"Development"}
[2026-04-29 13:05:48.187 +02:00 WRN] HTTP POST /api/auth/refresh → 429 en 0ms {"UserId":"anon","SourceContext":"Serilog.AspNetCore.RequestLoggingMiddleware","RequestId":"0HNL5RT0TDT8A:00000009","ConnectionId":"0HNL5RT0TDT8A","Application":"NovadisApi","Environment":"Development"}
[2026-04-29 13:05:48.208 +02:00 WRN] HTTP POST /api/auth/refresh → 429 en 1ms {"UserId":"anon","SourceContext":"Serilog.AspNetCore.RequestLoggingMiddleware","RequestId":"0HNL5RT0TDT8A:0000000A","ConnectionId":"0HNL5RT0TDT8A","Application":"NovadisApi","Environment":"Development"}
[2026-04-29 13:05:48.230 +02:00 WRN] HTTP POST /api/auth/refresh → 429 en 0ms {"UserId":"anon","SourceContext":"Serilog.AspNetCore.RequestLoggingMiddleware","RequestId":"0HNL5RT0TDT8A:0000000B","ConnectionId":"0HNL5RT0TDT8A","Application":"NovadisApi","Environment":"Development"}
[2026-04-29 13:05:48.231 +02:00 INF] Token refresh attempt {"SourceContext":"NovadisApi.Services.Auth.AuthService","ActionId":"f5fe7fb4-b012-4b0a-8089-7fa8e7ddbf22","ActionName":"NovadisApi.Controllers.AuthController.RefreshToken (NovadisApi)","RequestId":"0HNL5RT0TDT87:00000006","RequestPath":"/api/auth/refresh","ConnectionId":"0HNL5RT0TDT87","Application":"NovadisApi","Environment":"Development"}
[2026-04-29 13:05:48.231 +02:00 INF] Token refresh attempt {"SourceContext":"NovadisApi.Services.Auth.AuthService","ActionId":"f5fe7fb4-b012-4b0a-8089-7fa8e7ddbf22","ActionName":"NovadisApi.Controllers.AuthController.RefreshToken (NovadisApi)","RequestId":"0HNL5RT0TDT89:00000007","RequestPath":"/api/auth/refresh","ConnectionId":"0HNL5RT0TDT89","Application":"NovadisApi","Environment":"Development"}
[2026-04-29 13:05:48.231 +02:00 INF] Token refresh attempt {"SourceContext":"NovadisApi.Services.Auth.AuthService","ActionId":"f5fe7fb4-b012-4b0a-8089-7fa8e7ddbf22","ActionName":"NovadisApi.Controllers.AuthController.RefreshToken (NovadisApi)","RequestId":"0HNL5RT0TDT88:00000007","RequestPath":"/api/auth/refresh","ConnectionId":"0HNL5RT0TDT88","Application":"NovadisApi","Environment":"Development"}
[2026-04-29 13:05:48.231 +02:00 INF] Token refresh attempt {"SourceContext":"NovadisApi.Services.Auth.AuthService","ActionId":"f5fe7fb4-b012-4b0a-8089-7fa8e7ddbf22","ActionName":"NovadisApi.Controllers.AuthController.RefreshToken (NovadisApi)","RequestId":"0HNL5RT0TDT86:00000006","RequestPath":"/api/auth/refresh","ConnectionId":"0HNL5RT0TDT86","Application":"NovadisApi","Environment":"Development"}
[2026-04-29 13:05:48.231 +02:00 INF] Token refresh attempt {"SourceContext":"NovadisApi.Services.Auth.AuthService","ActionId":"f5fe7fb4-b012-4b0a-8089-7fa8e7ddbf22","ActionName":"NovadisApi.Controllers.AuthController.RefreshToken (NovadisApi)","RequestId":"0HNL5RT0TDT8B:00000005","RequestPath":"/api/auth/refresh","ConnectionId":"0HNL5RT0TDT8B","Application":"NovadisApi","Environment":"Development"}
[2026-04-29 13:05:48.242 +02:00 WRN] HTTP POST /api/auth/refresh → 429 en 0ms {"UserId":"anon","SourceContext":"Serilog.AspNetCore.RequestLoggingMiddleware","RequestId":"0HNL5RT0TDT8A:0000000C","ConnectionId":"0HNL5RT0TDT8A","Application":"NovadisApi","Environment":"Development"}
[2026-04-29 13:05:48.295 +02:00 WRN] HTTP GET /api/CRI → 401 en 1ms {"UserId":"anon","SourceContext":"Serilog.AspNetCore.RequestLoggingMiddleware","RequestId":"0HNL5RT0TDT8A:0000000F","ConnectionId":"0HNL5RT0TDT8A","Application":"NovadisApi","Environment":"Development"}
[2026-04-29 13:05:48.308 +02:00 WRN] HTTP GET /api/CRI → 401 en 2ms {"UserId":"anon","SourceContext":"Serilog.AspNetCore.RequestLoggingMiddleware","RequestId":"0HNL5RT0TDT8A:00000010","ConnectionId":"0HNL5RT0TDT8A","Application":"NovadisApi","Environment":"Development"}
[2026-04-29 13:05:48.851 +02:00 INF] Token refreshed successfully for user rdenimal@novadis.eu {"SourceContext":"NovadisApi.Services.Auth.AuthService","ActionId":"f5fe7fb4-b012-4b0a-8089-7fa8e7ddbf22","ActionName":"NovadisApi.Controllers.AuthController.RefreshToken (NovadisApi)","RequestId":"0HNL5RT0TDT89:00000007","RequestPath":"/api/auth/refresh","ConnectionId":"0HNL5RT0TDT89","Application":"NovadisApi","Environment":"Development"}
[2026-04-29 13:05:48.851 +02:00 INF] Token refreshed successfully for user rdenimal@novadis.eu {"SourceContext":"NovadisApi.Services.Auth.AuthService","ActionId":"f5fe7fb4-b012-4b0a-8089-7fa8e7ddbf22","ActionName":"NovadisApi.Controllers.AuthController.RefreshToken (NovadisApi)","RequestId":"0HNL5RT0TDT87:00000006","RequestPath":"/api/auth/refresh","ConnectionId":"0HNL5RT0TDT87","Application":"NovadisApi","Environment":"Development"}
[2026-04-29 13:05:48.851 +02:00 INF] Token refreshed successfully for user rdenimal@novadis.eu {"SourceContext":"NovadisApi.Services.Auth.AuthService","ActionId":"f5fe7fb4-b012-4b0a-8089-7fa8e7ddbf22","ActionName":"NovadisApi.Controllers.AuthController.RefreshToken (NovadisApi)","RequestId":"0HNL5RT0TDT8B:00000005","RequestPath":"/api/auth/refresh","ConnectionId":"0HNL5RT0TDT8B","Application":"NovadisApi","Environment":"Development"}
[2026-04-29 13:05:48.851 +02:00 INF] Token refreshed successfully for user rdenimal@novadis.eu {"SourceContext":"NovadisApi.Services.Auth.AuthService","ActionId":"f5fe7fb4-b012-4b0a-8089-7fa8e7ddbf22","ActionName":"NovadisApi.Controllers.AuthController.RefreshToken (NovadisApi)","RequestId":"0HNL5RT0TDT88:00000007","RequestPath":"/api/auth/refresh","ConnectionId":"0HNL5RT0TDT88","Application":"NovadisApi","Environment":"Development"}
[2026-04-29 13:05:48.863 +02:00 INF] Token refreshed successfully for user rdenimal@novadis.eu {"SourceContext":"NovadisApi.Services.Auth.AuthService","ActionId":"f5fe7fb4-b012-4b0a-8089-7fa8e7ddbf22","ActionName":"NovadisApi.Controllers.AuthController.RefreshToken (NovadisApi)","RequestId":"0HNL5RT0TDT86:00000006","RequestPath":"/api/auth/refresh","ConnectionId":"0HNL5RT0TDT86","Application":"NovadisApi","Environment":"Development"}
[2026-04-29 13:05:59.986 +02:00 WRN] HTTP POST /api/auth/verify-device → 429 en 0ms {"UserId":"anon","SourceContext":"Serilog.AspNetCore.RequestLoggingMiddleware","RequestId":"0HNL5RT0TDT89:0000000D","ConnectionId":"0HNL5RT0TDT89","Application":"NovadisApi","Environment":"Development"}
[2026-04-29 13:06:00.065 +02:00 WRN] HTTP POST /api/auth/login → 429 en 0ms {"UserId":"anon","SourceContext":"Serilog.AspNetCore.RequestLoggingMiddleware","RequestId":"0HNL5RT0TDT89:0000000F","ConnectionId":"0HNL5RT0TDT89","Application":"NovadisApi","Environment":"Development"}
[2026-04-29 13:06:29.406 +02:00 INF] Purge RGPD : 0 AuditLogs, 0 AuthAttempts, 0 UserTokens supprimés {"SourceContext":"NovadisApi.Services.Maintenance.DataRetentionService","Application":"NovadisApi","Environment":"Development"}
