[2026-06-30 14:45:43.231 +02:00 INF] Login attempt for email: rdenimal@novadis.eu {"SourceContext":"NovadisApi.Services.Auth.AuthService","ActionId":"250eef46-5d6d-4428-85b0-8b64527acf7c","ActionName":"NovadisApi.Controllers.AuthController.Login (NovadisApi)","RequestId":"0HNMMKLVJ7GB0:00000002","RequestPath":"/api/auth/login","ConnectionId":"0HNMMKLVJ7GB0","Application":"NovadisApi","Environment":"Development"}
[2026-06-30 14:45:43.853 +02:00 INF] 🔐 [DEV] Code de connexion pour rdenimal@novadis.eu: 703393 {"SourceContext":"NovadisApi.Services.Auth.AuthService","ActionId":"250eef46-5d6d-4428-85b0-8b64527acf7c","ActionName":"NovadisApi.Controllers.AuthController.Login (NovadisApi)","RequestId":"0HNMMKLVJ7GB0:00000002","RequestPath":"/api/auth/login","ConnectionId":"0HNMMKLVJ7GB0","Application":"NovadisApi","Environment":"Development"}
[2026-06-30 14:45:44.201 +02:00 WRN] ⚠️ Microsoft Graph not configured. Mocking email send to rdenimal@novadis.eu {"SourceContext":"NovadisApi.Services.Email.EmailService","ActionId":"250eef46-5d6d-4428-85b0-8b64527acf7c","ActionName":"NovadisApi.Controllers.AuthController.Login (NovadisApi)","RequestId":"0HNMMKLVJ7GB0:00000002","RequestPath":"/api/auth/login","ConnectionId":"0HNMMKLVJ7GB0","Application":"NovadisApi","Environment":"Development"}
[2026-06-30 14:45:44.206 +02:00 INF] 📧 Email Subject: Code de connexion Novadis CRI {"SourceContext":"NovadisApi.Services.Email.EmailService","ActionId":"250eef46-5d6d-4428-85b0-8b64527acf7c","ActionName":"NovadisApi.Controllers.AuthController.Login (NovadisApi)","RequestId":"0HNMMKLVJ7GB0:00000002","RequestPath":"/api/auth/login","ConnectionId":"0HNMMKLVJ7GB0","Application":"NovadisApi","Environment":"Development"}
[2026-06-30 14:45:44.213 +02:00 INF] 📝 Email Body: 
        <html>
        <body style='font-family: Arial, sans-serif;'>
            <div style='max-width: 600px; margin: 0 auto; padding: 20px;'>
                <h2 style='color: #2563eb;'>Connexion à Novadis CRI</h2>
                <p>Bonjour Rémy,</p>
                <p>Voici votre code de vérification pour vous connecter :</p>
                <div style='background: #f3f4f6; padding: 20px; border-radius: 8px; text-align: center; margin: 20px 0;'>
                    <h1 style='color: #1f2937; font-size: 36px; letter-spacing: 8px; margin: 0;'>703393</h1>
                </div>
                <p style='color: #6b7280;'>Ce code expire dans 10 minutes.</p>
                <p style='color: #6b7280; font-size: 12px;'>Si vous n'avez pas demandé ce code, ignorez cet email.</p>
                <hr style='border: none; border-top: 1px solid #e5e7eb; margin: 30px 0;'>
                <p style='color: #9ca3af; font-size: 12px;'>© 2026 Novadis - Tous droits réservés</p>
            </div>
        </body>
        </html> {"SourceContext":"NovadisApi.Services.Email.EmailService","ActionId":"250eef46-5d6d-4428-85b0-8b64527acf7c","ActionName":"NovadisApi.Controllers.AuthController.Login (NovadisApi)","RequestId":"0HNMMKLVJ7GB0:00000002","RequestPath":"/api/auth/login","ConnectionId":"0HNMMKLVJ7GB0","Application":"NovadisApi","Environment":"Development"}
[2026-06-30 14:45:44.294 +02:00 INF] Login code sent successfully to rdenimal@novadis.eu {"SourceContext":"NovadisApi.Services.Auth.AuthService","ActionId":"250eef46-5d6d-4428-85b0-8b64527acf7c","ActionName":"NovadisApi.Controllers.AuthController.Login (NovadisApi)","RequestId":"0HNMMKLVJ7GB0:00000002","RequestPath":"/api/auth/login","ConnectionId":"0HNMMKLVJ7GB0","Application":"NovadisApi","Environment":"Development"}
[2026-06-30 14:45:44.336 +02:00 WRN] HTTP POST /api/auth/login → 200 en 1498ms {"UserId":"anon","SourceContext":"Serilog.AspNetCore.RequestLoggingMiddleware","RequestId":"0HNMMKLVJ7GB0:00000002","ConnectionId":"0HNMMKLVJ7GB0","Application":"NovadisApi","Environment":"Development"}
[2026-06-30 14:45:57.111 +02:00 INF] Code verification attempt for rdenimal@novadis.eu {"SourceContext":"NovadisApi.Services.Auth.AuthService","ActionId":"751210a9-7800-4f39-a582-f99f426a168f","ActionName":"NovadisApi.Controllers.AuthController.VerifyCode (NovadisApi)","RequestId":"0HNMMKLVJ7GB0:00000004","RequestPath":"/api/auth/verify","ConnectionId":"0HNMMKLVJ7GB0","Application":"NovadisApi","Environment":"Development"}
[2026-06-30 14:45:57.323 +02:00 INF] User rdenimal@novadis.eu logged in successfully {"SourceContext":"NovadisApi.Services.Auth.AuthService","ActionId":"751210a9-7800-4f39-a582-f99f426a168f","ActionName":"NovadisApi.Controllers.AuthController.VerifyCode (NovadisApi)","RequestId":"0HNMMKLVJ7GB0:00000004","RequestPath":"/api/auth/verify","ConnectionId":"0HNMMKLVJ7GB0","Application":"NovadisApi","Environment":"Development"}
[2026-06-30 14:47:00.170 +02:00 WRN] The query uses a row limiting operator ('Skip'/'Take') without an 'OrderBy' operator. This may lead to unpredictable results. If the 'Distinct' operator is used after 'OrderBy', then make sure to use the 'OrderBy' operator after 'Distinct' as the ordering would otherwise get erased. {"EventId":{"Id":10102,"Name":"Microsoft.EntityFrameworkCore.Query.RowLimitingOperationWithoutOrderByWarning"},"SourceContext":"Microsoft.EntityFrameworkCore.Query","ActionId":"1b7c0005-ca0a-4f22-aa3c-73050eff17d3","ActionName":"NovadisApi.Controllers.CRIController.SearchClients (NovadisApi)","RequestId":"0HNMMKLVJ7GB4:00000028","RequestPath":"/api/CRI/clients/search","ConnectionId":"0HNMMKLVJ7GB4","Application":"NovadisApi","Environment":"Development"}
[2026-06-30 14:58:35.735 +02:00 WRN] HTTP POST /api/CRI → 400 en 42ms {"UserId":"0b740d20-767d-4452-8999-d36f564edb02","SourceContext":"Serilog.AspNetCore.RequestLoggingMiddleware","RequestId":"0HNMMKLVJ7GB9:00000017","ConnectionId":"0HNMMKLVJ7GB9","Application":"NovadisApi","Environment":"Development"}
[2026-06-30 14:58:47.679 +02:00 WRN] HTTP GET /api/sites/summary → 400 en 2ms {"UserId":"0b740d20-767d-4452-8999-d36f564edb02","SourceContext":"Serilog.AspNetCore.RequestLoggingMiddleware","RequestId":"0HNMMKLVJ7GB9:0000001D","ConnectionId":"0HNMMKLVJ7GB9","Application":"NovadisApi","Environment":"Development"}
[2026-06-30 14:58:47.683 +02:00 WRN] HTTP GET /api/CRI/877204e1-9e63-4f08-a42b-97a722dda9b2 → 404 en 7ms {"UserId":"0b740d20-767d-4452-8999-d36f564edb02","SourceContext":"Serilog.AspNetCore.RequestLoggingMiddleware","RequestId":"0HNMMKLVJ7GBC:00000002","ConnectionId":"0HNMMKLVJ7GBC","Application":"NovadisApi","Environment":"Development"}
[2026-06-30 14:58:47.759 +02:00 WRN] HTTP GET /api/sites/summary → 400 en 1ms {"UserId":"0b740d20-767d-4452-8999-d36f564edb02","SourceContext":"Serilog.AspNetCore.RequestLoggingMiddleware","RequestId":"0HNMMKLVJ7GBC:00000003","ConnectionId":"0HNMMKLVJ7GBC","Application":"NovadisApi","Environment":"Development"}
[2026-06-30 14:58:48.936 +02:00 WRN] HTTP GET /api/sites/summary → 400 en 1ms {"UserId":"0b740d20-767d-4452-8999-d36f564edb02","SourceContext":"Serilog.AspNetCore.RequestLoggingMiddleware","RequestId":"0HNMMKLVJ7GBC:00000004","ConnectionId":"0HNMMKLVJ7GBC","Application":"NovadisApi","Environment":"Development"}
[2026-06-30 14:58:49.355 +02:00 WRN] HTTP GET /api/sites/summary → 400 en 1ms {"UserId":"0b740d20-767d-4452-8999-d36f564edb02","SourceContext":"Serilog.AspNetCore.RequestLoggingMiddleware","RequestId":"0HNMMKLVJ7GBC:00000005","ConnectionId":"0HNMMKLVJ7GBC","Application":"NovadisApi","Environment":"Development"}
[2026-06-30 15:06:40.949 +02:00 WRN] HTTP GET /api/sites/summary → 400 en 1ms {"UserId":"0b740d20-767d-4452-8999-d36f564edb02","SourceContext":"Serilog.AspNetCore.RequestLoggingMiddleware","RequestId":"0HNMMKLVJ7GBJ:00000016","ConnectionId":"0HNMMKLVJ7GBJ","Application":"NovadisApi","Environment":"Development"}
[2026-06-30 15:06:40.967 +02:00 WRN] HTTP GET /api/CRI/877204e1-9e63-4f08-a42b-97a722dda9b2 → 404 en 18ms {"UserId":"0b740d20-767d-4452-8999-d36f564edb02","SourceContext":"Serilog.AspNetCore.RequestLoggingMiddleware","RequestId":"0HNMMKLVJ7GBK:00000002","ConnectionId":"0HNMMKLVJ7GBK","Application":"NovadisApi","Environment":"Development"}
[2026-06-30 15:06:41.030 +02:00 WRN] HTTP GET /api/sites/summary → 400 en 1ms {"UserId":"0b740d20-767d-4452-8999-d36f564edb02","SourceContext":"Serilog.AspNetCore.RequestLoggingMiddleware","RequestId":"0HNMMKLVJ7GBK:00000003","ConnectionId":"0HNMMKLVJ7GBK","Application":"NovadisApi","Environment":"Development"}
[2026-06-30 15:14:55.323 +02:00 WRN] HTTP GET /api/sites/summary → 400 en 1ms {"UserId":"0b740d20-767d-4452-8999-d36f564edb02","SourceContext":"Serilog.AspNetCore.RequestLoggingMiddleware","RequestId":"0HNMMKLVJ7GBQ:0000000A","ConnectionId":"0HNMMKLVJ7GBQ","Application":"NovadisApi","Environment":"Development"}
[2026-06-30 15:14:55.327 +02:00 WRN] HTTP GET /api/CRI/877204e1-9e63-4f08-a42b-97a722dda9b2 → 404 en 5ms {"UserId":"0b740d20-767d-4452-8999-d36f564edb02","SourceContext":"Serilog.AspNetCore.RequestLoggingMiddleware","RequestId":"0HNMMKLVJ7GBL:00000012","ConnectionId":"0HNMMKLVJ7GBL","Application":"NovadisApi","Environment":"Development"}
[2026-06-30 15:14:55.389 +02:00 WRN] HTTP GET /api/sites/summary → 400 en 0ms {"UserId":"0b740d20-767d-4452-8999-d36f564edb02","SourceContext":"Serilog.AspNetCore.RequestLoggingMiddleware","RequestId":"0HNMMKLVJ7GBL:00000013","ConnectionId":"0HNMMKLVJ7GBL","Application":"NovadisApi","Environment":"Development"}
[2026-06-30 15:24:22.217 +02:00 INF] Login attempt for email: rdenimal@novadis.eu {"SourceContext":"NovadisApi.Services.Auth.AuthService","ActionId":"250eef46-5d6d-4428-85b0-8b64527acf7c","ActionName":"NovadisApi.Controllers.AuthController.Login (NovadisApi)","RequestId":"0HNMMKLVJ7GC2:00000002","RequestPath":"/api/auth/login","ConnectionId":"0HNMMKLVJ7GC2","Application":"NovadisApi","Environment":"Development"}
[2026-06-30 15:24:22.234 +02:00 INF] 🔐 [DEV] Code de connexion pour rdenimal@novadis.eu: 762605 {"SourceContext":"NovadisApi.Services.Auth.AuthService","ActionId":"250eef46-5d6d-4428-85b0-8b64527acf7c","ActionName":"NovadisApi.Controllers.AuthController.Login (NovadisApi)","RequestId":"0HNMMKLVJ7GC2:00000002","RequestPath":"/api/auth/login","ConnectionId":"0HNMMKLVJ7GC2","Application":"NovadisApi","Environment":"Development"}
[2026-06-30 15:24:22.240 +02:00 WRN] ⚠️ Microsoft Graph not configured. Mocking email send to rdenimal@novadis.eu {"SourceContext":"NovadisApi.Services.Email.EmailService","ActionId":"250eef46-5d6d-4428-85b0-8b64527acf7c","ActionName":"NovadisApi.Controllers.AuthController.Login (NovadisApi)","RequestId":"0HNMMKLVJ7GC2:00000002","RequestPath":"/api/auth/login","ConnectionId":"0HNMMKLVJ7GC2","Application":"NovadisApi","Environment":"Development"}
[2026-06-30 15:24:22.245 +02:00 INF] 📧 Email Subject: Code de connexion Novadis CRI {"SourceContext":"NovadisApi.Services.Email.EmailService","ActionId":"250eef46-5d6d-4428-85b0-8b64527acf7c","ActionName":"NovadisApi.Controllers.AuthController.Login (NovadisApi)","RequestId":"0HNMMKLVJ7GC2:00000002","RequestPath":"/api/auth/login","ConnectionId":"0HNMMKLVJ7GC2","Application":"NovadisApi","Environment":"Development"}
[2026-06-30 15:24:22.251 +02:00 INF] 📝 Email Body: 
        <html>
        <body style='font-family: Arial, sans-serif;'>
            <div style='max-width: 600px; margin: 0 auto; padding: 20px;'>
                <h2 style='color: #2563eb;'>Connexion à Novadis CRI</h2>
                <p>Bonjour Rémy,</p>
                <p>Voici votre code de vérification pour vous connecter :</p>
                <div style='background: #f3f4f6; padding: 20px; border-radius: 8px; text-align: center; margin: 20px 0;'>
                    <h1 style='color: #1f2937; font-size: 36px; letter-spacing: 8px; margin: 0;'>762605</h1>
                </div>
                <p style='color: #6b7280;'>Ce code expire dans 10 minutes.</p>
                <p style='color: #6b7280; font-size: 12px;'>Si vous n'avez pas demandé ce code, ignorez cet email.</p>
                <hr style='border: none; border-top: 1px solid #e5e7eb; margin: 30px 0;'>
                <p style='color: #9ca3af; font-size: 12px;'>© 2026 Novadis - Tous droits réservés</p>
            </div>
        </body>
        </html> {"SourceContext":"NovadisApi.Services.Email.EmailService","ActionId":"250eef46-5d6d-4428-85b0-8b64527acf7c","ActionName":"NovadisApi.Controllers.AuthController.Login (NovadisApi)","RequestId":"0HNMMKLVJ7GC2:00000002","RequestPath":"/api/auth/login","ConnectionId":"0HNMMKLVJ7GC2","Application":"NovadisApi","Environment":"Development"}
[2026-06-30 15:24:22.263 +02:00 INF] Login code sent successfully to rdenimal@novadis.eu {"SourceContext":"NovadisApi.Services.Auth.AuthService","ActionId":"250eef46-5d6d-4428-85b0-8b64527acf7c","ActionName":"NovadisApi.Controllers.AuthController.Login (NovadisApi)","RequestId":"0HNMMKLVJ7GC2:00000002","RequestPath":"/api/auth/login","ConnectionId":"0HNMMKLVJ7GC2","Application":"NovadisApi","Environment":"Development"}
[2026-06-30 15:24:31.733 +02:00 INF] Code verification attempt for rdenimal@novadis.eu {"SourceContext":"NovadisApi.Services.Auth.AuthService","ActionId":"751210a9-7800-4f39-a582-f99f426a168f","ActionName":"NovadisApi.Controllers.AuthController.VerifyCode (NovadisApi)","RequestId":"0HNMMKLVJ7GC2:00000004","RequestPath":"/api/auth/verify","ConnectionId":"0HNMMKLVJ7GC2","Application":"NovadisApi","Environment":"Development"}
[2026-06-30 15:24:31.761 +02:00 INF] User rdenimal@novadis.eu logged in successfully {"SourceContext":"NovadisApi.Services.Auth.AuthService","ActionId":"751210a9-7800-4f39-a582-f99f426a168f","ActionName":"NovadisApi.Controllers.AuthController.VerifyCode (NovadisApi)","RequestId":"0HNMMKLVJ7GC2:00000004","RequestPath":"/api/auth/verify","ConnectionId":"0HNMMKLVJ7GC2","Application":"NovadisApi","Environment":"Development"}
[2026-06-30 15:28:00.116 +02:00 WRN] HTTP POST /api/CRI → 400 en 1ms {"UserId":"0b740d20-767d-4452-8999-d36f564edb02","SourceContext":"Serilog.AspNetCore.RequestLoggingMiddleware","RequestId":"0HNMMKLVJ7GC8:00000002","ConnectionId":"0HNMMKLVJ7GC8","Application":"NovadisApi","Environment":"Development"}
[2026-06-30 15:31:54.925 +02:00 INF] Application is shutting down... {"SourceContext":"Microsoft.Hosting.Lifetime","Application":"NovadisApi","Environment":"Development"}
